Total configurations: 16
 Found babble: cafeteria_babble.wav
 Found train: Inside Train_1.wav
 Found street: Street Noise.wav
 Found stationary: PC Fan Noise.wav

Loading GTCRN model...
Loading EARS test dataset...
Loaded 2395 EARS files

Total test pairs: 8
SNR levels: [-5, 0, 5, 10, 15]
Total tests: 8 pairs 16 configs 5 SNRs
            = 640 total

================================================================================
SNR = -5 dB
================================================================================

BABBLE + p092
Clean speech duration: 15.57s (249096 samples)
Noise duration: 29.05s (464800 samples)
Noise truncated to random frame starting at sample 88463
DEBUG: clean_batch shape=torch.Size([1, 249088]), enhanced_batch shape=torch.Size([1, 249088])
Using device: cpu
DEBUG: clean_batch shape=torch.Size([1, 249088]), enhanced_batch shape=torch.Size([1, 249088])
Using device: cpu
DEBUG: clean_batch shape=torch.Size([1, 249040]), enhanced_batch shape=torch.Size([1, 249040])
Using device: cpu
DEBUG: clean_batch shape=torch.Size([1, 249088]), enhanced_batch shape=torch.Size([1, 249088])
Using device: cpu
DEBUG: clean_batch shape=torch.Size([1, 249040]), enhanced_batch shape=torch.Size([1, 249040])
Using device: cpu
DEBUG: clean_batch shape=torch.Size([1, 249088]), enhanced_batch shape=torch.Size([1, 249088])
Using device: cpu
DEBUG: clean_batch shape=torch.Size([1, 249040]), enhanced_batch shape=torch.Size([1, 249040])
Using device: cpu
DEBUG: clean_batch shape=torch.Size([1, 249088]), enhanced_batch shape=torch.Size([1, 249088])
Using device: cpu
DEBUG: clean_batch shape=torch.Size([1, 249040]), enhanced_batch shape=torch.Size([1, 249040])
Using device: cpu
DEBUG: clean_batch shape=torch.Size([1, 249088]), enhanced_batch shape=torch.Size([1, 249088])
Using device: cpu
DEBUG: clean_batch shape=torch.Size([1, 249040]), enhanced_batch shape=torch.Size([1, 249040])
Using device: cpu
DEBUG: clean_batch shape=torch.Size([1, 249088]), enhanced_batch shape=torch.Size([1, 249088])
Using device: cpu
DEBUG: clean_batch shape=torch.Size([1, 249040]), enhanced_batch shape=torch.Size([1, 249040])
Using device: cpu
DEBUG: clean_batch shape=torch.Size([1, 249088]), enhanced_batch shape=torch.Size([1, 249088])
Using device: cpu
DEBUG: clean_batch shape=torch.Size([1, 249040]), enhanced_batch shape=torch.Size([1, 249040])
Using device: cpu
DEBUG: clean_batch shape=torch.Size([1, 249088]), enhanced_batch shape=torch.Size([1, 249088])
Using device: cpu
DEBUG: clean_batch shape=torch.Size([1, 249040]), enhanced_batch shape=torch.Size([1, 249040])

BABBLE + p092
Clean speech duration: 16.56s (265022 samples)
Noise duration: 29.05s (464800 samples)
Noise truncated to random frame starting at sample 181435
DEBUG: clean_batch shape=torch.Size([1, 264960]), enhanced_batch shape=torch.Size([1, 264960])
Using device: cpu
DEBUG: clean_batch shape=torch.Size([1, 264960]), enhanced_batch shape=torch.Size([1, 264960])
Using device: cpu
DEBUG: clean_batch shape=torch.Size([1, 264960]), enhanced_batch shape=torch.Size([1, 264960])
Using device: cpu
DEBUG: clean_batch shape=torch.Size([1, 264960]), enhanced_batch shape=torch.Size([1, 264960])
Using device: cpu
DEBUG: clean_batch shape=torch.Size([1, 264960]), enhanced_batch shape=torch.Size([1, 264960])
  Progress: 20/640 (3.1%) - 39.6 min remaining
Using device: cpu
DEBUG: clean_batch shape=torch.Size([1, 264960]), enhanced_batch shape=torch.Size([1, 264960])
Using device: cpu
DEBUG: clean_batch shape=torch.Size([1, 264960]), enhanced_batch shape=torch.Size([1, 264960])
Using device: cpu
DEBUG: clean_batch shape=torch.Size([1, 264960]), enhanced_batch shape=torch.Size([1, 264960])
Using device: cpu
DEBUG: clean_batch shape=torch.Size([1, 264960]), enhanced_batch shape=torch.Size([1, 264960])
Using device: cpu
DEBUG: clean_batch shape=torch.Size([1, 264960]), enhanced_batch shape=torch.Size([1, 264960])
Using device: cpu
DEBUG: clean_batch shape=torch.Size([1, 264960]), enhanced_batch shape=torch.Size([1, 264960])
Using device: cpu
DEBUG: clean_batch shape=torch.Size([1, 264960]), enhanced_batch shape=torch.Size([1, 264960])
Using device: cpu
DEBUG: clean_batch shape=torch.Size([1, 264960]), enhanced_batch shape=torch.Size([1, 264960])
Using device: cpu
DEBUG: clean_batch shape=torch.Size([1, 264960]), enhanced_batch shape=torch.Size([1, 264960])
Using device: cpu
DEBUG: clean_batch shape=torch.Size([1, 264960]), enhanced_batch shape=torch.Size([1, 264960])
Using device: cpu
DEBUG: clean_batch shape=torch.Size([1, 264960]), enhanced_batch shape=torch.Size([1, 264960])
Using device: cpu
DEBUG: clean_batch shape=torch.Size([1, 264960]), enhanced_batch shape=torch.Size([1, 264960])

TRAIN + p092
Clean speech duration: 15.57s (249096 samples)
Noise duration: 21.25s (340000 samples)
Noise truncated to random frame starting at sample 43091
DEBUG: clean_batch shape=torch.Size([1, 249088]), enhanced_batch shape=torch.Size([1, 249088])
Using device: cpu
DEBUG: clean_batch shape=torch.Size([1, 249088]), enhanced_batch shape=torch.Size([1, 249088])
Using device: cpu
DEBUG: clean_batch shape=torch.Size([1, 249040]), enhanced_batch shape=torch.Size([1, 249040])
Using device: cpu
DEBUG: clean_batch shape=torch.Size([1, 249088]), enhanced_batch shape=torch.Size([1, 249088])
Using device: cpu
DEBUG: clean_batch shape=torch.Size([1, 249040]), enhanced_batch shape=torch.Size([1, 249040])
Using device: cpu
DEBUG: clean_batch shape=torch.Size([1, 249088]), enhanced_batch shape=torch.Size([1, 249088])
Using device: cpu
DEBUG: clean_batch shape=torch.Size([1, 249040]), enhanced_batch shape=torch.Size([1, 249040])
Using device: cpu
DEBUG: clean_batch shape=torch.Size([1, 249088]), enhanced_batch shape=torch.Size([1, 249088])
Using device: cpu
DEBUG: clean_batch shape=torch.Size([1, 249040]), enhanced_batch shape=torch.Size([1, 249040])
  Progress: 40/640 (6.2%) - 38.7 min remaining
Using device: cpu
DEBUG: clean_batch shape=torch.Size([1, 249088]), enhanced_batch shape=torch.Size([1, 249088])
Using device: cpu
DEBUG: clean_batch shape=torch.Size([1, 249040]), enhanced_batch shape=torch.Size([1, 249040])
Using device: cpu
DEBUG: clean_batch shape=torch.Size([1, 249088]), enhanced_batch shape=torch.Size([1, 249088])
Using device: cpu
DEBUG: clean_batch shape=torch.Size([1, 249040]), enhanced_batch shape=torch.Size([1, 249040])
Using device: cpu
DEBUG: clean_batch shape=torch.Size([1, 249088]), enhanced_batch shape=torch.Size([1, 249088])
Using device: cpu
DEBUG: clean_batch shape=torch.Size([1, 249040]), enhanced_batch shape=torch.Size([1, 249040])
Using device: cpu
DEBUG: clean_batch shape=torch.Size([1, 249088]), enhanced_batch shape=torch.Size([1, 249088])
Using device: cpu
DEBUG: clean_batch shape=torch.Size([1, 249040]), enhanced_batch shape=torch.Size([1, 249040])

TRAIN + p092
Clean speech duration: 16.56s (265022 samples)
Noise duration: 21.25s (340000 samples)
Noise truncated to random frame starting at sample 46749
DEBUG: clean_batch shape=torch.Size([1, 264960]), enhanced_batch shape=torch.Size([1, 264960])
Using device: cpu
DEBUG: clean_batch shape=torch.Size([1, 264960]), enhanced_batch shape=torch.Size([1, 264960])
Using device: cpu
DEBUG: clean_batch shape=torch.Size([1, 264960]), enhanced_batch shape=torch.Size([1, 264960])
Using device: cpu
DEBUG: clean_batch shape=torch.Size([1, 264960]), enhanced_batch shape=torch.Size([1, 264960])
Using device: cpu
DEBUG: clean_batch shape=torch.Size([1, 264960]), enhanced_batch shape=torch.Size([1, 264960])
Using device: cpu
DEBUG: clean_batch shape=torch.Size([1, 264960]), enhanced_batch shape=torch.Size([1, 264960])
Using device: cpu
DEBUG: clean_batch shape=torch.Size([1, 264960]), enhanced_batch shape=torch.Size([1, 264960])
Using device: cpu
DEBUG: clean_batch shape=torch.Size([1, 264960]), enhanced_batch shape=torch.Size([1, 264960])
Using device: cpu
DEBUG: clean_batch shape=torch.Size([1, 264960]), enhanced_batch shape=torch.Size([1, 264960])
Using device: cpu
DEBUG: clean_batch shape=torch.Size([1, 264960]), enhanced_batch shape=torch.Size([1, 264960])
Using device: cpu
DEBUG: clean_batch shape=torch.Size([1, 264960]), enhanced_batch shape=torch.Size([1, 264960])
Using device: cpu
DEBUG: clean_batch shape=torch.Size([1, 264960]), enhanced_batch shape=torch.Size([1, 264960])
Using device: cpu
DEBUG: clean_batch shape=torch.Size([1, 264960]), enhanced_batch shape=torch.Size([1, 264960])
  Progress: 60/640 (9.4%) - 36.3 min remaining
Using device: cpu
DEBUG: clean_batch shape=torch.Size([1, 264960]), enhanced_batch shape=torch.Size([1, 264960])
Using device: cpu
DEBUG: clean_batch shape=torch.Size([1, 264960]), enhanced_batch shape=torch.Size([1, 264960])
Using device: cpu
DEBUG: clean_batch shape=torch.Size([1, 264960]), enhanced_batch shape=torch.Size([1, 264960])
Using device: cpu
DEBUG: clean_batch shape=torch.Size([1, 264960]), enhanced_batch shape=torch.Size([1, 264960])

STREET + p092
Clean speech duration: 15.57s (249096 samples)
Noise duration: 32.80s (524800 samples)
Noise truncated to random frame starting at sample 38828
DEBUG: clean_batch shape=torch.Size([1, 249088]), enhanced_batch shape=torch.Size([1, 249088])
Using device: cpu
DEBUG: clean_batch shape=torch.Size([1, 249088]), enhanced_batch shape=torch.Size([1, 249088])
Using device: cpu
DEBUG: clean_batch shape=torch.Size([1, 249040]), enhanced_batch shape=torch.Size([1, 249040])
Using device: cpu
DEBUG: clean_batch shape=torch.Size([1, 249088]), enhanced_batch shape=torch.Size([1, 249088])
Using device: cpu
DEBUG: clean_batch shape=torch.Size([1, 249040]), enhanced_batch shape=torch.Size([1, 249040])
Using device: cpu
DEBUG: clean_batch shape=torch.Size([1, 249088]), enhanced_batch shape=torch.Size([1, 249088])
Using device: cpu
DEBUG: clean_batch shape=torch.Size([1, 249040]), enhanced_batch shape=torch.Size([1, 249040])
Using device: cpu
DEBUG: clean_batch shape=torch.Size([1, 249088]), enhanced_batch shape=torch.Size([1, 249088])
Using device: cpu
DEBUG: clean_batch shape=torch.Size([1, 249040]), enhanced_batch shape=torch.Size([1, 249040])
Using device: cpu
DEBUG: clean_batch shape=torch.Size([1, 249088]), enhanced_batch shape=torch.Size([1, 249088])
Using device: cpu
DEBUG: clean_batch shape=torch.Size([1, 249040]), enhanced_batch shape=torch.Size([1, 249040])
Using device: cpu
DEBUG: clean_batch shape=torch.Size([1, 249088]), enhanced_batch shape=torch.Size([1, 249088])
Using device: cpu
DEBUG: clean_batch shape=torch.Size([1, 249040]), enhanced_batch shape=torch.Size([1, 249040])
Using device: cpu
DEBUG: clean_batch shape=torch.Size([1, 249088]), enhanced_batch shape=torch.Size([1, 249088])
Using device: cpu
DEBUG: clean_batch shape=torch.Size([1, 249040]), enhanced_batch shape=torch.Size([1, 249040])
Using device: cpu
DEBUG: clean_batch shape=torch.Size([1, 249088]), enhanced_batch shape=torch.Size([1, 249088])
Using device: cpu
DEBUG: clean_batch shape=torch.Size([1, 249040]), enhanced_batch shape=torch.Size([1, 249040])
  Progress: 80/640 (12.5%) - 35.1 min remaining

STREET + p092
Clean speech duration: 16.56s (265022 samples)
Noise duration: 32.80s (524800 samples)
Noise truncated to random frame starting at sample 130940
DEBUG: clean_batch shape=torch.Size([1, 264960]), enhanced_batch shape=torch.Size([1, 264960])
Using device: cpu
DEBUG: clean_batch shape=torch.Size([1, 264960]), enhanced_batch shape=torch.Size([1, 264960])
Using device: cpu
DEBUG: clean_batch shape=torch.Size([1, 264960]), enhanced_batch shape=torch.Size([1, 264960])
Using device: cpu
DEBUG: clean_batch shape=torch.Size([1, 264960]), enhanced_batch shape=torch.Size([1, 264960])
Using device: cpu
DEBUG: clean_batch shape=torch.Size([1, 264960]), enhanced_batch shape=torch.Size([1, 264960])
Using device: cpu
DEBUG: clean_batch shape=torch.Size([1, 264960]), enhanced_batch shape=torch.Size([1, 264960])
Using device: cpu
DEBUG: clean_batch shape=torch.Size([1, 264960]), enhanced_batch shape=torch.Size([1, 264960])
Using device: cpu
DEBUG: clean_batch shape=torch.Size([1, 264960]), enhanced_batch shape=torch.Size([1, 264960])
Using device: cpu
DEBUG: clean_batch shape=torch.Size([1, 264960]), enhanced_batch shape=torch.Size([1, 264960])
Using device: cpu
DEBUG: clean_batch shape=torch.Size([1, 264960]), enhanced_batch shape=torch.Size([1, 264960])
Using device: cpu
DEBUG: clean_batch shape=torch.Size([1, 264960]), enhanced_batch shape=torch.Size([1, 264960])
Using device: cpu
DEBUG: clean_batch shape=torch.Size([1, 264960]), enhanced_batch shape=torch.Size([1, 264960])
Using device: cpu
DEBUG: clean_batch shape=torch.Size([1, 264960]), enhanced_batch shape=torch.Size([1, 264960])
Using device: cpu
DEBUG: clean_batch shape=torch.Size([1, 264960]), enhanced_batch shape=torch.Size([1, 264960])
Using device: cpu
DEBUG: clean_batch shape=torch.Size([1, 264960]), enhanced_batch shape=torch.Size([1, 264960])
Using device: cpu
DEBUG: clean_batch shape=torch.Size([1, 264960]), enhanced_batch shape=torch.Size([1, 264960])
Using device: cpu
DEBUG: clean_batch shape=torch.Size([1, 264960]), enhanced_batch shape=torch.Size([1, 264960])

STATIONARY + p092
Clean speech duration: 15.57s (249096 samples)
Noise duration: 23.45s (375200 samples)
Noise truncated to random frame starting at sample 109840
DEBUG: clean_batch shape=torch.Size([1, 249088]), enhanced_batch shape=torch.Size([1, 249088])
Using device: cpu
DEBUG: clean_batch shape=torch.Size([1, 249088]), enhanced_batch shape=torch.Size([1, 249088])
Using device: cpu
DEBUG: clean_batch shape=torch.Size([1, 249040]), enhanced_batch shape=torch.Size([1, 249040])
Using device: cpu
DEBUG: clean_batch shape=torch.Size([1, 249088]), enhanced_batch shape=torch.Size([1, 249088])
Using device: cpu
DEBUG: clean_batch shape=torch.Size([1, 249040]), enhanced_batch shape=torch.Size([1, 249040])
  Progress: 100/640 (15.6%) - 33.7 min remaining
Using device: cpu
DEBUG: clean_batch shape=torch.Size([1, 249088]), enhanced_batch shape=torch.Size([1, 249088])
Using device: cpu
DEBUG: clean_batch shape=torch.Size([1, 249040]), enhanced_batch shape=torch.Size([1, 249040])
Using device: cpu
DEBUG: clean_batch shape=torch.Size([1, 249088]), enhanced_batch shape=torch.Size([1, 249088])
Using device: cpu
DEBUG: clean_batch shape=torch.Size([1, 249040]), enhanced_batch shape=torch.Size([1, 249040])
Using device: cpu
DEBUG: clean_batch shape=torch.Size([1, 249088]), enhanced_batch shape=torch.Size([1, 249088])
Using device: cpu
DEBUG: clean_batch shape=torch.Size([1, 249040]), enhanced_batch shape=torch.Size([1, 249040])
Using device: cpu
DEBUG: clean_batch shape=torch.Size([1, 249088]), enhanced_batch shape=torch.Size([1, 249088])
Using device: cpu
DEBUG: clean_batch shape=torch.Size([1, 249040]), enhanced_batch shape=torch.Size([1, 249040])
Using device: cpu
DEBUG: clean_batch shape=torch.Size([1, 249088]), enhanced_batch shape=torch.Size([1, 249088])
Using device: cpu
DEBUG: clean_batch shape=torch.Size([1, 249040]), enhanced_batch shape=torch.Size([1, 249040])
Using device: cpu
DEBUG: clean_batch shape=torch.Size([1, 249088]), enhanced_batch shape=torch.Size([1, 249088])
Using device: cpu
DEBUG: clean_batch shape=torch.Size([1, 249040]), enhanced_batch shape=torch.Size([1, 249040])

STATIONARY + p092
Clean speech duration: 16.56s (265022 samples)
Noise duration: 23.45s (375200 samples)
Noise truncated to random frame starting at sample 19300
DEBUG: clean_batch shape=torch.Size([1, 264960]), enhanced_batch shape=torch.Size([1, 264960])
Using device: cpu
DEBUG: clean_batch shape=torch.Size([1, 264960]), enhanced_batch shape=torch.Size([1, 264960])
Using device: cpu
DEBUG: clean_batch shape=torch.Size([1, 264960]), enhanced_batch shape=torch.Size([1, 264960])
Using device: cpu
DEBUG: clean_batch shape=torch.Size([1, 264960]), enhanced_batch shape=torch.Size([1, 264960])
Using device: cpu
DEBUG: clean_batch shape=torch.Size([1, 264960]), enhanced_batch shape=torch.Size([1, 264960])
Using device: cpu
DEBUG: clean_batch shape=torch.Size([1, 264960]), enhanced_batch shape=torch.Size([1, 264960])
Using device: cpu
DEBUG: clean_batch shape=torch.Size([1, 264960]), enhanced_batch shape=torch.Size([1, 264960])
Using device: cpu
DEBUG: clean_batch shape=torch.Size([1, 264960]), enhanced_batch shape=torch.Size([1, 264960])
Using device: cpu
DEBUG: clean_batch shape=torch.Size([1, 264960]), enhanced_batch shape=torch.Size([1, 264960])
  Progress: 120/640 (18.8%) - 32.4 min remaining
Using device: cpu
DEBUG: clean_batch shape=torch.Size([1, 264960]), enhanced_batch shape=torch.Size([1, 264960])
Using device: cpu
DEBUG: clean_batch shape=torch.Size([1, 264960]), enhanced_batch shape=torch.Size([1, 264960])
Using device: cpu
DEBUG: clean_batch shape=torch.Size([1, 264960]), enhanced_batch shape=torch.Size([1, 264960])
Using device: cpu
DEBUG: clean_batch shape=torch.Size([1, 264960]), enhanced_batch shape=torch.Size([1, 264960])
Using device: cpu
DEBUG: clean_batch shape=torch.Size([1, 264960]), enhanced_batch shape=torch.Size([1, 264960])
Using device: cpu
DEBUG: clean_batch shape=torch.Size([1, 264960]), enhanced_batch shape=torch.Size([1, 264960])
Using device: cpu
DEBUG: clean_batch shape=torch.Size([1, 264960]), enhanced_batch shape=torch.Size([1, 264960])
Using device: cpu
DEBUG: clean_batch shape=torch.Size([1, 264960]), enhanced_batch shape=torch.Size([1, 264960])

================================================================================
SNR = 0 dB
================================================================================

BABBLE + p092
Clean speech duration: 15.57s (249096 samples)
Noise duration: 29.05s (464800 samples)
Noise truncated to random frame starting at sample 170756
DEBUG: clean_batch shape=torch.Size([1, 249088]), enhanced_batch shape=torch.Size([1, 249088])
Using device: cpu
DEBUG: clean_batch shape=torch.Size([1, 249088]), enhanced_batch shape=torch.Size([1, 249088])
Using device: cpu
DEBUG: clean_batch shape=torch.Size([1, 249040]), enhanced_batch shape=torch.Size([1, 249040])
Using device: cpu
DEBUG: clean_batch shape=torch.Size([1, 249088]), enhanced_batch shape=torch.Size([1, 249088])
Using device: cpu
DEBUG: clean_batch shape=torch.Size([1, 249040]), enhanced_batch shape=torch.Size([1, 249040])
Using device: cpu
DEBUG: clean_batch shape=torch.Size([1, 249088]), enhanced_batch shape=torch.Size([1, 249088])
Using device: cpu
DEBUG: clean_batch shape=torch.Size([1, 249040]), enhanced_batch shape=torch.Size([1, 249040])
Using device: cpu
DEBUG: clean_batch shape=torch.Size([1, 249088]), enhanced_batch shape=torch.Size([1, 249088])
Using device: cpu
DEBUG: clean_batch shape=torch.Size([1, 249040]), enhanced_batch shape=torch.Size([1, 249040])
Using device: cpu
DEBUG: clean_batch shape=torch.Size([1, 249088]), enhanced_batch shape=torch.Size([1, 249088])
Using device: cpu
DEBUG: clean_batch shape=torch.Size([1, 249040]), enhanced_batch shape=torch.Size([1, 249040])
Using device: cpu
DEBUG: clean_batch shape=torch.Size([1, 249088]), enhanced_batch shape=torch.Size([1, 249088])
Using device: cpu
DEBUG: clean_batch shape=torch.Size([1, 249040]), enhanced_batch shape=torch.Size([1, 249040])
  Progress: 140/640 (21.9%) - 30.9 min remaining
Using device: cpu
DEBUG: clean_batch shape=torch.Size([1, 249088]), enhanced_batch shape=torch.Size([1, 249088])
Using device: cpu
DEBUG: clean_batch shape=torch.Size([1, 249040]), enhanced_batch shape=torch.Size([1, 249040])
Using device: cpu
DEBUG: clean_batch shape=torch.Size([1, 249088]), enhanced_batch shape=torch.Size([1, 249088])
Using device: cpu
DEBUG: clean_batch shape=torch.Size([1, 249040]), enhanced_batch shape=torch.Size([1, 249040])

BABBLE + p092
Clean speech duration: 16.56s (265022 samples)
Noise duration: 29.05s (464800 samples)
Noise truncated to random frame starting at sample 88571
DEBUG: clean_batch shape=torch.Size([1, 264960]), enhanced_batch shape=torch.Size([1, 264960])
Using device: cpu
DEBUG: clean_batch shape=torch.Size([1, 264960]), enhanced_batch shape=torch.Size([1, 264960])
Using device: cpu
DEBUG: clean_batch shape=torch.Size([1, 264960]), enhanced_batch shape=torch.Size([1, 264960])
Using device: cpu
DEBUG: clean_batch shape=torch.Size([1, 264960]), enhanced_batch shape=torch.Size([1, 264960])
Using device: cpu
DEBUG: clean_batch shape=torch.Size([1, 264960]), enhanced_batch shape=torch.Size([1, 264960])
Using device: cpu
DEBUG: clean_batch shape=torch.Size([1, 264960]), enhanced_batch shape=torch.Size([1, 264960])
Using device: cpu
DEBUG: clean_batch shape=torch.Size([1, 264960]), enhanced_batch shape=torch.Size([1, 264960])
Using device: cpu
DEBUG: clean_batch shape=torch.Size([1, 264960]), enhanced_batch shape=torch.Size([1, 264960])
Using device: cpu
DEBUG: clean_batch shape=torch.Size([1, 264960]), enhanced_batch shape=torch.Size([1, 264960])
Using device: cpu
DEBUG: clean_batch shape=torch.Size([1, 264960]), enhanced_batch shape=torch.Size([1, 264960])
Using device: cpu
DEBUG: clean_batch shape=torch.Size([1, 264960]), enhanced_batch shape=torch.Size([1, 264960])
Using device: cpu
DEBUG: clean_batch shape=torch.Size([1, 264960]), enhanced_batch shape=torch.Size([1, 264960])
Using device: cpu
DEBUG: clean_batch shape=torch.Size([1, 264960]), enhanced_batch shape=torch.Size([1, 264960])
Using device: cpu
DEBUG: clean_batch shape=torch.Size([1, 264960]), enhanced_batch shape=torch.Size([1, 264960])
Using device: cpu
DEBUG: clean_batch shape=torch.Size([1, 264960]), enhanced_batch shape=torch.Size([1, 264960])
Using device: cpu
DEBUG: clean_batch shape=torch.Size([1, 264960]), enhanced_batch shape=torch.Size([1, 264960])
Using device: cpu
DEBUG: clean_batch shape=torch.Size([1, 264960]), enhanced_batch shape=torch.Size([1, 264960])
  Progress: 160/640 (25.0%) - 29.8 min remaining

TRAIN + p092
Clean speech duration: 15.57s (249096 samples)
Noise duration: 21.25s (340000 samples)
Noise truncated to random frame starting at sample 13468
DEBUG: clean_batch shape=torch.Size([1, 249088]), enhanced_batch shape=torch.Size([1, 249088])
Using device: cpu
DEBUG: clean_batch shape=torch.Size([1, 249088]), enhanced_batch shape=torch.Size([1, 249088])
Using device: cpu
DEBUG: clean_batch shape=torch.Size([1, 249040]), enhanced_batch shape=torch.Size([1, 249040])
Using device: cpu
DEBUG: clean_batch shape=torch.Size([1, 249088]), enhanced_batch shape=torch.Size([1, 249088])
Using device: cpu
DEBUG: clean_batch shape=torch.Size([1, 249040]), enhanced_batch shape=torch.Size([1, 249040])
Using device: cpu
DEBUG: clean_batch shape=torch.Size([1, 249088]), enhanced_batch shape=torch.Size([1, 249088])
Using device: cpu
DEBUG: clean_batch shape=torch.Size([1, 249040]), enhanced_batch shape=torch.Size([1, 249040])
Using device: cpu
DEBUG: clean_batch shape=torch.Size([1, 249088]), enhanced_batch shape=torch.Size([1, 249088])
Using device: cpu
DEBUG: clean_batch shape=torch.Size([1, 249040]), enhanced_batch shape=torch.Size([1, 249040])
Using device: cpu
DEBUG: clean_batch shape=torch.Size([1, 249088]), enhanced_batch shape=torch.Size([1, 249088])
Using device: cpu
DEBUG: clean_batch shape=torch.Size([1, 249040]), enhanced_batch shape=torch.Size([1, 249040])
Using device: cpu
DEBUG: clean_batch shape=torch.Size([1, 249088]), enhanced_batch shape=torch.Size([1, 249088])
Using device: cpu
DEBUG: clean_batch shape=torch.Size([1, 249040]), enhanced_batch shape=torch.Size([1, 249040])
Using device: cpu
DEBUG: clean_batch shape=torch.Size([1, 249088]), enhanced_batch shape=torch.Size([1, 249088])
Using device: cpu
DEBUG: clean_batch shape=torch.Size([1, 249040]), enhanced_batch shape=torch.Size([1, 249040])
Using device: cpu
DEBUG: clean_batch shape=torch.Size([1, 249088]), enhanced_batch shape=torch.Size([1, 249088])
Using device: cpu
DEBUG: clean_batch shape=torch.Size([1, 249040]), enhanced_batch shape=torch.Size([1, 249040])

TRAIN + p092
Clean speech duration: 16.56s (265022 samples)
Noise duration: 21.25s (340000 samples)
Noise truncated to random frame starting at sample 74872
DEBUG: clean_batch shape=torch.Size([1, 264960]), enhanced_batch shape=torch.Size([1, 264960])
Using device: cpu
DEBUG: clean_batch shape=torch.Size([1, 264960]), enhanced_batch shape=torch.Size([1, 264960])
Using device: cpu
DEBUG: clean_batch shape=torch.Size([1, 264960]), enhanced_batch shape=torch.Size([1, 264960])
Using device: cpu
DEBUG: clean_batch shape=torch.Size([1, 264960]), enhanced_batch shape=torch.Size([1, 264960])
Using device: cpu
DEBUG: clean_batch shape=torch.Size([1, 264960]), enhanced_batch shape=torch.Size([1, 264960])
  Progress: 180/640 (28.1%) - 28.4 min remaining
Using device: cpu
DEBUG: clean_batch shape=torch.Size([1, 264960]), enhanced_batch shape=torch.Size([1, 264960])
Using device: cpu
DEBUG: clean_batch shape=torch.Size([1, 264960]), enhanced_batch shape=torch.Size([1, 264960])
Using device: cpu
DEBUG: clean_batch shape=torch.Size([1, 264960]), enhanced_batch shape=torch.Size([1, 264960])
Using device: cpu
DEBUG: clean_batch shape=torch.Size([1, 264960]), enhanced_batch shape=torch.Size([1, 264960])
Using device: cpu
DEBUG: clean_batch shape=torch.Size([1, 264960]), enhanced_batch shape=torch.Size([1, 264960])
Using device: cpu
DEBUG: clean_batch shape=torch.Size([1, 264960]), enhanced_batch shape=torch.Size([1, 264960])
Using device: cpu
DEBUG: clean_batch shape=torch.Size([1, 264960]), enhanced_batch shape=torch.Size([1, 264960])
Using device: cpu
DEBUG: clean_batch shape=torch.Size([1, 264960]), enhanced_batch shape=torch.Size([1, 264960])
Using device: cpu
DEBUG: clean_batch shape=torch.Size([1, 264960]), enhanced_batch shape=torch.Size([1, 264960])
Using device: cpu
DEBUG: clean_batch shape=torch.Size([1, 264960]), enhanced_batch shape=torch.Size([1, 264960])
Using device: cpu
DEBUG: clean_batch shape=torch.Size([1, 264960]), enhanced_batch shape=torch.Size([1, 264960])
Using device: cpu
DEBUG: clean_batch shape=torch.Size([1, 264960]), enhanced_batch shape=torch.Size([1, 264960])

STREET + p092
Clean speech duration: 15.57s (249096 samples)
Noise duration: 32.80s (524800 samples)
Noise truncated to random frame starting at sample 37061
DEBUG: clean_batch shape=torch.Size([1, 249088]), enhanced_batch shape=torch.Size([1, 249088])
Using device: cpu
DEBUG: clean_batch shape=torch.Size([1, 249088]), enhanced_batch shape=torch.Size([1, 249088])
Using device: cpu
DEBUG: clean_batch shape=torch.Size([1, 249040]), enhanced_batch shape=torch.Size([1, 249040])
Using device: cpu
DEBUG: clean_batch shape=torch.Size([1, 249088]), enhanced_batch shape=torch.Size([1, 249088])
Using device: cpu
DEBUG: clean_batch shape=torch.Size([1, 249040]), enhanced_batch shape=torch.Size([1, 249040])
Using device: cpu
DEBUG: clean_batch shape=torch.Size([1, 249088]), enhanced_batch shape=torch.Size([1, 249088])
Using device: cpu
DEBUG: clean_batch shape=torch.Size([1, 249040]), enhanced_batch shape=torch.Size([1, 249040])
Using device: cpu
DEBUG: clean_batch shape=torch.Size([1, 249088]), enhanced_batch shape=torch.Size([1, 249088])
Using device: cpu
DEBUG: clean_batch shape=torch.Size([1, 249040]), enhanced_batch shape=torch.Size([1, 249040])
  Progress: 200/640 (31.2%) - 27.3 min remaining
Using device: cpu
DEBUG: clean_batch shape=torch.Size([1, 249088]), enhanced_batch shape=torch.Size([1, 249088])
Using device: cpu
DEBUG: clean_batch shape=torch.Size([1, 249040]), enhanced_batch shape=torch.Size([1, 249040])
Using device: cpu
DEBUG: clean_batch shape=torch.Size([1, 249088]), enhanced_batch shape=torch.Size([1, 249088])
Using device: cpu
DEBUG: clean_batch shape=torch.Size([1, 249040]), enhanced_batch shape=torch.Size([1, 249040])
Using device: cpu
DEBUG: clean_batch shape=torch.Size([1, 249088]), enhanced_batch shape=torch.Size([1, 249088])
Using device: cpu
DEBUG: clean_batch shape=torch.Size([1, 249040]), enhanced_batch shape=torch.Size([1, 249040])
Using device: cpu
DEBUG: clean_batch shape=torch.Size([1, 249088]), enhanced_batch shape=torch.Size([1, 249088])
Using device: cpu
DEBUG: clean_batch shape=torch.Size([1, 249040]), enhanced_batch shape=torch.Size([1, 249040])

STREET + p092
Clean speech duration: 16.56s (265022 samples)
Noise duration: 32.80s (524800 samples)
Noise truncated to random frame starting at sample 170797
DEBUG: clean_batch shape=torch.Size([1, 264960]), enhanced_batch shape=torch.Size([1, 264960])
Using device: cpu
DEBUG: clean_batch shape=torch.Size([1, 264960]), enhanced_batch shape=torch.Size([1, 264960])
Using device: cpu
DEBUG: clean_batch shape=torch.Size([1, 264960]), enhanced_batch shape=torch.Size([1, 264960])
Using device: cpu
DEBUG: clean_batch shape=torch.Size([1, 264960]), enhanced_batch shape=torch.Size([1, 264960])
Using device: cpu
DEBUG: clean_batch shape=torch.Size([1, 264960]), enhanced_batch shape=torch.Size([1, 264960])
Using device: cpu
DEBUG: clean_batch shape=torch.Size([1, 264960]), enhanced_batch shape=torch.Size([1, 264960])
Using device: cpu
DEBUG: clean_batch shape=torch.Size([1, 264960]), enhanced_batch shape=torch.Size([1, 264960])
Using device: cpu
DEBUG: clean_batch shape=torch.Size([1, 264960]), enhanced_batch shape=torch.Size([1, 264960])
Using device: cpu
DEBUG: clean_batch shape=torch.Size([1, 264960]), enhanced_batch shape=torch.Size([1, 264960])
Using device: cpu
DEBUG: clean_batch shape=torch.Size([1, 264960]), enhanced_batch shape=torch.Size([1, 264960])
Using device: cpu
DEBUG: clean_batch shape=torch.Size([1, 264960]), enhanced_batch shape=torch.Size([1, 264960])
Using device: cpu
DEBUG: clean_batch shape=torch.Size([1, 264960]), enhanced_batch shape=torch.Size([1, 264960])
Using device: cpu
DEBUG: clean_batch shape=torch.Size([1, 264960]), enhanced_batch shape=torch.Size([1, 264960])
  Progress: 220/640 (34.4%) - 25.9 min remaining
Using device: cpu
DEBUG: clean_batch shape=torch.Size([1, 264960]), enhanced_batch shape=torch.Size([1, 264960])
Using device: cpu
DEBUG: clean_batch shape=torch.Size([1, 264960]), enhanced_batch shape=torch.Size([1, 264960])
Using device: cpu
DEBUG: clean_batch shape=torch.Size([1, 264960]), enhanced_batch shape=torch.Size([1, 264960])
Using device: cpu
DEBUG: clean_batch shape=torch.Size([1, 264960]), enhanced_batch shape=torch.Size([1, 264960])

STATIONARY + p092
Clean speech duration: 15.57s (249096 samples)
Noise duration: 23.45s (375200 samples)
Noise truncated to random frame starting at sample 33804
DEBUG: clean_batch shape=torch.Size([1, 249088]), enhanced_batch shape=torch.Size([1, 249088])
Using device: cpu
DEBUG: clean_batch shape=torch.Size([1, 249088]), enhanced_batch shape=torch.Size([1, 249088])
Using device: cpu
DEBUG: clean_batch shape=torch.Size([1, 249040]), enhanced_batch shape=torch.Size([1, 249040])
Using device: cpu
DEBUG: clean_batch shape=torch.Size([1, 249088]), enhanced_batch shape=torch.Size([1, 249088])
Using device: cpu
DEBUG: clean_batch shape=torch.Size([1, 249040]), enhanced_batch shape=torch.Size([1, 249040])
Using device: cpu
DEBUG: clean_batch shape=torch.Size([1, 249088]), enhanced_batch shape=torch.Size([1, 249088])
Using device: cpu
DEBUG: clean_batch shape=torch.Size([1, 249040]), enhanced_batch shape=torch.Size([1, 249040])
Using device: cpu
DEBUG: clean_batch shape=torch.Size([1, 249088]), enhanced_batch shape=torch.Size([1, 249088])
Using device: cpu
DEBUG: clean_batch shape=torch.Size([1, 249040]), enhanced_batch shape=torch.Size([1, 249040])
Using device: cpu
DEBUG: clean_batch shape=torch.Size([1, 249088]), enhanced_batch shape=torch.Size([1, 249088])
Using device: cpu
DEBUG: clean_batch shape=torch.Size([1, 249040]), enhanced_batch shape=torch.Size([1, 249040])
Using device: cpu
DEBUG: clean_batch shape=torch.Size([1, 249088]), enhanced_batch shape=torch.Size([1, 249088])
Using device: cpu
DEBUG: clean_batch shape=torch.Size([1, 249040]), enhanced_batch shape=torch.Size([1, 249040])
Using device: cpu
DEBUG: clean_batch shape=torch.Size([1, 249088]), enhanced_batch shape=torch.Size([1, 249088])
Using device: cpu
DEBUG: clean_batch shape=torch.Size([1, 249040]), enhanced_batch shape=torch.Size([1, 249040])
Using device: cpu
DEBUG: clean_batch shape=torch.Size([1, 249088]), enhanced_batch shape=torch.Size([1, 249088])
Using device: cpu
DEBUG: clean_batch shape=torch.Size([1, 249040]), enhanced_batch shape=torch.Size([1, 249040])
  Progress: 240/640 (37.5%) - 24.6 min remaining

STATIONARY + p092
Clean speech duration: 16.56s (265022 samples)
Noise duration: 23.45s (375200 samples)
Noise truncated to random frame starting at sample 78408
DEBUG: clean_batch shape=torch.Size([1, 264960]), enhanced_batch shape=torch.Size([1, 264960])
Using device: cpu
DEBUG: clean_batch shape=torch.Size([1, 264960]), enhanced_batch shape=torch.Size([1, 264960])
Using device: cpu
DEBUG: clean_batch shape=torch.Size([1, 264960]), enhanced_batch shape=torch.Size([1, 264960])
Using device: cpu
DEBUG: clean_batch shape=torch.Size([1, 264960]), enhanced_batch shape=torch.Size([1, 264960])
Using device: cpu
DEBUG: clean_batch shape=torch.Size([1, 264960]), enhanced_batch shape=torch.Size([1, 264960])
Using device: cpu
DEBUG: clean_batch shape=torch.Size([1, 264960]), enhanced_batch shape=torch.Size([1, 264960])
Using device: cpu
DEBUG: clean_batch shape=torch.Size([1, 264960]), enhanced_batch shape=torch.Size([1, 264960])
Using device: cpu
DEBUG: clean_batch shape=torch.Size([1, 264960]), enhanced_batch shape=torch.Size([1, 264960])
Using device: cpu
DEBUG: clean_batch shape=torch.Size([1, 264960]), enhanced_batch shape=torch.Size([1, 264960])
Using device: cpu
DEBUG: clean_batch shape=torch.Size([1, 264960]), enhanced_batch shape=torch.Size([1, 264960])
Using device: cpu
DEBUG: clean_batch shape=torch.Size([1, 264960]), enhanced_batch shape=torch.Size([1, 264960])
Using device: cpu
DEBUG: clean_batch shape=torch.Size([1, 264960]), enhanced_batch shape=torch.Size([1, 264960])
Using device: cpu
DEBUG: clean_batch shape=torch.Size([1, 264960]), enhanced_batch shape=torch.Size([1, 264960])
Using device: cpu
DEBUG: clean_batch shape=torch.Size([1, 264960]), enhanced_batch shape=torch.Size([1, 264960])
Using device: cpu
DEBUG: clean_batch shape=torch.Size([1, 264960]), enhanced_batch shape=torch.Size([1, 264960])
Using device: cpu
DEBUG: clean_batch shape=torch.Size([1, 264960]), enhanced_batch shape=torch.Size([1, 264960])
Using device: cpu
DEBUG: clean_batch shape=torch.Size([1, 264960]), enhanced_batch shape=torch.Size([1, 264960])

================================================================================
SNR = 5 dB
================================================================================

BABBLE + p092
Clean speech duration: 15.57s (249096 samples)
Noise duration: 29.05s (464800 samples)
Noise truncated to random frame starting at sample 30467
DEBUG: clean_batch shape=torch.Size([1, 249088]), enhanced_batch shape=torch.Size([1, 249088])
Using device: cpu
DEBUG: clean_batch shape=torch.Size([1, 249088]), enhanced_batch shape=torch.Size([1, 249088])
Using device: cpu
DEBUG: clean_batch shape=torch.Size([1, 249040]), enhanced_batch shape=torch.Size([1, 249040])
Using device: cpu
DEBUG: clean_batch shape=torch.Size([1, 249088]), enhanced_batch shape=torch.Size([1, 249088])
Using device: cpu
DEBUG: clean_batch shape=torch.Size([1, 249040]), enhanced_batch shape=torch.Size([1, 249040])
  Progress: 260/640 (40.6%) - 23.3 min remaining
Using device: cpu
DEBUG: clean_batch shape=torch.Size([1, 249088]), enhanced_batch shape=torch.Size([1, 249088])
Using device: cpu
DEBUG: clean_batch shape=torch.Size([1, 249040]), enhanced_batch shape=torch.Size([1, 249040])
Using device: cpu
DEBUG: clean_batch shape=torch.Size([1, 249088]), enhanced_batch shape=torch.Size([1, 249088])
Using device: cpu
DEBUG: clean_batch shape=torch.Size([1, 249040]), enhanced_batch shape=torch.Size([1, 249040])
Using device: cpu
DEBUG: clean_batch shape=torch.Size([1, 249088]), enhanced_batch shape=torch.Size([1, 249088])
Using device: cpu
DEBUG: clean_batch shape=torch.Size([1, 249040]), enhanced_batch shape=torch.Size([1, 249040])
Using device: cpu
DEBUG: clean_batch shape=torch.Size([1, 249088]), enhanced_batch shape=torch.Size([1, 249088])
Using device: cpu
DEBUG: clean_batch shape=torch.Size([1, 249040]), enhanced_batch shape=torch.Size([1, 249040])
Using device: cpu
DEBUG: clean_batch shape=torch.Size([1, 249088]), enhanced_batch shape=torch.Size([1, 249088])
Using device: cpu
DEBUG: clean_batch shape=torch.Size([1, 249040]), enhanced_batch shape=torch.Size([1, 249040])
Using device: cpu
DEBUG: clean_batch shape=torch.Size([1, 249088]), enhanced_batch shape=torch.Size([1, 249088])
Using device: cpu
DEBUG: clean_batch shape=torch.Size([1, 249040]), enhanced_batch shape=torch.Size([1, 249040])

BABBLE + p092
Clean speech duration: 16.56s (265022 samples)
Noise duration: 29.05s (464800 samples)
Noise truncated to random frame starting at sample 97704
DEBUG: clean_batch shape=torch.Size([1, 264960]), enhanced_batch shape=torch.Size([1, 264960])
Using device: cpu
DEBUG: clean_batch shape=torch.Size([1, 264960]), enhanced_batch shape=torch.Size([1, 264960])
Using device: cpu
DEBUG: clean_batch shape=torch.Size([1, 264960]), enhanced_batch shape=torch.Size([1, 264960])
Using device: cpu
DEBUG: clean_batch shape=torch.Size([1, 264960]), enhanced_batch shape=torch.Size([1, 264960])
Using device: cpu
DEBUG: clean_batch shape=torch.Size([1, 264960]), enhanced_batch shape=torch.Size([1, 264960])
Using device: cpu
DEBUG: clean_batch shape=torch.Size([1, 264960]), enhanced_batch shape=torch.Size([1, 264960])
Using device: cpu
DEBUG: clean_batch shape=torch.Size([1, 264960]), enhanced_batch shape=torch.Size([1, 264960])
Using device: cpu
DEBUG: clean_batch shape=torch.Size([1, 264960]), enhanced_batch shape=torch.Size([1, 264960])
Using device: cpu
DEBUG: clean_batch shape=torch.Size([1, 264960]), enhanced_batch shape=torch.Size([1, 264960])
  Progress: 280/640 (43.8%) - 22.1 min remaining
Using device: cpu
DEBUG: clean_batch shape=torch.Size([1, 264960]), enhanced_batch shape=torch.Size([1, 264960])
Using device: cpu
DEBUG: clean_batch shape=torch.Size([1, 264960]), enhanced_batch shape=torch.Size([1, 264960])
Using device: cpu
DEBUG: clean_batch shape=torch.Size([1, 264960]), enhanced_batch shape=torch.Size([1, 264960])
Using device: cpu
DEBUG: clean_batch shape=torch.Size([1, 264960]), enhanced_batch shape=torch.Size([1, 264960])
Using device: cpu
DEBUG: clean_batch shape=torch.Size([1, 264960]), enhanced_batch shape=torch.Size([1, 264960])
Using device: cpu
DEBUG: clean_batch shape=torch.Size([1, 264960]), enhanced_batch shape=torch.Size([1, 264960])
Using device: cpu
DEBUG: clean_batch shape=torch.Size([1, 264960]), enhanced_batch shape=torch.Size([1, 264960])
Using device: cpu
DEBUG: clean_batch shape=torch.Size([1, 264960]), enhanced_batch shape=torch.Size([1, 264960])

TRAIN + p092
Clean speech duration: 15.57s (249096 samples)
Noise duration: 21.25s (340000 samples)
Noise truncated to random frame starting at sample 26239
DEBUG: clean_batch shape=torch.Size([1, 249088]), enhanced_batch shape=torch.Size([1, 249088])
Using device: cpu
DEBUG: clean_batch shape=torch.Size([1, 249088]), enhanced_batch shape=torch.Size([1, 249088])
Using device: cpu
DEBUG: clean_batch shape=torch.Size([1, 249040]), enhanced_batch shape=torch.Size([1, 249040])
Using device: cpu
DEBUG: clean_batch shape=torch.Size([1, 249088]), enhanced_batch shape=torch.Size([1, 249088])
Using device: cpu
DEBUG: clean_batch shape=torch.Size([1, 249040]), enhanced_batch shape=torch.Size([1, 249040])
Using device: cpu
DEBUG: clean_batch shape=torch.Size([1, 249088]), enhanced_batch shape=torch.Size([1, 249088])
Using device: cpu
DEBUG: clean_batch shape=torch.Size([1, 249040]), enhanced_batch shape=torch.Size([1, 249040])
Using device: cpu
DEBUG: clean_batch shape=torch.Size([1, 249088]), enhanced_batch shape=torch.Size([1, 249088])
Using device: cpu
DEBUG: clean_batch shape=torch.Size([1, 249040]), enhanced_batch shape=torch.Size([1, 249040])
Using device: cpu
DEBUG: clean_batch shape=torch.Size([1, 249088]), enhanced_batch shape=torch.Size([1, 249088])
Using device: cpu
DEBUG: clean_batch shape=torch.Size([1, 249040]), enhanced_batch shape=torch.Size([1, 249040])
Using device: cpu
DEBUG: clean_batch shape=torch.Size([1, 249088]), enhanced_batch shape=torch.Size([1, 249088])
Using device: cpu
DEBUG: clean_batch shape=torch.Size([1, 249040]), enhanced_batch shape=torch.Size([1, 249040])
  Progress: 300/640 (46.9%) - 20.8 min remaining
Using device: cpu
DEBUG: clean_batch shape=torch.Size([1, 249088]), enhanced_batch shape=torch.Size([1, 249088])
Using device: cpu
DEBUG: clean_batch shape=torch.Size([1, 249040]), enhanced_batch shape=torch.Size([1, 249040])
Using device: cpu
DEBUG: clean_batch shape=torch.Size([1, 249088]), enhanced_batch shape=torch.Size([1, 249088])
Using device: cpu
DEBUG: clean_batch shape=torch.Size([1, 249040]), enhanced_batch shape=torch.Size([1, 249040])

TRAIN + p092
Clean speech duration: 16.56s (265022 samples)
Noise duration: 21.25s (340000 samples)
Noise truncated to random frame starting at sample 29588
DEBUG: clean_batch shape=torch.Size([1, 264960]), enhanced_batch shape=torch.Size([1, 264960])
Using device: cpu
DEBUG: clean_batch shape=torch.Size([1, 264960]), enhanced_batch shape=torch.Size([1, 264960])
Using device: cpu
DEBUG: clean_batch shape=torch.Size([1, 264960]), enhanced_batch shape=torch.Size([1, 264960])
Using device: cpu
DEBUG: clean_batch shape=torch.Size([1, 264960]), enhanced_batch shape=torch.Size([1, 264960])
Using device: cpu
DEBUG: clean_batch shape=torch.Size([1, 264960]), enhanced_batch shape=torch.Size([1, 264960])
Using device: cpu
DEBUG: clean_batch shape=torch.Size([1, 264960]), enhanced_batch shape=torch.Size([1, 264960])
Using device: cpu
DEBUG: clean_batch shape=torch.Size([1, 264960]), enhanced_batch shape=torch.Size([1, 264960])
Using device: cpu
DEBUG: clean_batch shape=torch.Size([1, 264960]), enhanced_batch shape=torch.Size([1, 264960])
Using device: cpu
DEBUG: clean_batch shape=torch.Size([1, 264960]), enhanced_batch shape=torch.Size([1, 264960])
Using device: cpu
DEBUG: clean_batch shape=torch.Size([1, 264960]), enhanced_batch shape=torch.Size([1, 264960])
Using device: cpu
DEBUG: clean_batch shape=torch.Size([1, 264960]), enhanced_batch shape=torch.Size([1, 264960])
Using device: cpu
DEBUG: clean_batch shape=torch.Size([1, 264960]), enhanced_batch shape=torch.Size([1, 264960])
Using device: cpu
DEBUG: clean_batch shape=torch.Size([1, 264960]), enhanced_batch shape=torch.Size([1, 264960])
Using device: cpu
DEBUG: clean_batch shape=torch.Size([1, 264960]), enhanced_batch shape=torch.Size([1, 264960])
Using device: cpu
DEBUG: clean_batch shape=torch.Size([1, 264960]), enhanced_batch shape=torch.Size([1, 264960])
Using device: cpu
DEBUG: clean_batch shape=torch.Size([1, 264960]), enhanced_batch shape=torch.Size([1, 264960])
Using device: cpu
DEBUG: clean_batch shape=torch.Size([1, 264960]), enhanced_batch shape=torch.Size([1, 264960])
  Progress: 320/640 (50.0%) - 19.6 min remaining

STREET + p092
Clean speech duration: 15.57s (249096 samples)
Noise duration: 32.80s (524800 samples)
Noise truncated to random frame starting at sample 16428
DEBUG: clean_batch shape=torch.Size([1, 249088]), enhanced_batch shape=torch.Size([1, 249088])
Using device: cpu
DEBUG: clean_batch shape=torch.Size([1, 249088]), enhanced_batch shape=torch.Size([1, 249088])
Using device: cpu
DEBUG: clean_batch shape=torch.Size([1, 249040]), enhanced_batch shape=torch.Size([1, 249040])
Using device: cpu
DEBUG: clean_batch shape=torch.Size([1, 249088]), enhanced_batch shape=torch.Size([1, 249088])
Using device: cpu
DEBUG: clean_batch shape=torch.Size([1, 249040]), enhanced_batch shape=torch.Size([1, 249040])
Using device: cpu
DEBUG: clean_batch shape=torch.Size([1, 249088]), enhanced_batch shape=torch.Size([1, 249088])
Using device: cpu
DEBUG: clean_batch shape=torch.Size([1, 249040]), enhanced_batch shape=torch.Size([1, 249040])
Using device: cpu
DEBUG: clean_batch shape=torch.Size([1, 249088]), enhanced_batch shape=torch.Size([1, 249088])
Using device: cpu
DEBUG: clean_batch shape=torch.Size([1, 249040]), enhanced_batch shape=torch.Size([1, 249040])
Using device: cpu
DEBUG: clean_batch shape=torch.Size([1, 249088]), enhanced_batch shape=torch.Size([1, 249088])
Using device: cpu
DEBUG: clean_batch shape=torch.Size([1, 249040]), enhanced_batch shape=torch.Size([1, 249040])
Using device: cpu
DEBUG: clean_batch shape=torch.Size([1, 249088]), enhanced_batch shape=torch.Size([1, 249088])
Using device: cpu
DEBUG: clean_batch shape=torch.Size([1, 249040]), enhanced_batch shape=torch.Size([1, 249040])
Using device: cpu
DEBUG: clean_batch shape=torch.Size([1, 249088]), enhanced_batch shape=torch.Size([1, 249088])
Using device: cpu
DEBUG: clean_batch shape=torch.Size([1, 249040]), enhanced_batch shape=torch.Size([1, 249040])
Using device: cpu
DEBUG: clean_batch shape=torch.Size([1, 249088]), enhanced_batch shape=torch.Size([1, 249088])
Using device: cpu
DEBUG: clean_batch shape=torch.Size([1, 249040]), enhanced_batch shape=torch.Size([1, 249040])

STREET + p092
Clean speech duration: 16.56s (265022 samples)
Noise duration: 32.80s (524800 samples)
Noise truncated to random frame starting at sample 71504
DEBUG: clean_batch shape=torch.Size([1, 264960]), enhanced_batch shape=torch.Size([1, 264960])
Using device: cpu
DEBUG: clean_batch shape=torch.Size([1, 264960]), enhanced_batch shape=torch.Size([1, 264960])
Using device: cpu
DEBUG: clean_batch shape=torch.Size([1, 264960]), enhanced_batch shape=torch.Size([1, 264960])
Using device: cpu
DEBUG: clean_batch shape=torch.Size([1, 264960]), enhanced_batch shape=torch.Size([1, 264960])
Using device: cpu
DEBUG: clean_batch shape=torch.Size([1, 264960]), enhanced_batch shape=torch.Size([1, 264960])
  Progress: 340/640 (53.1%) - 18.4 min remaining
Using device: cpu
DEBUG: clean_batch shape=torch.Size([1, 264960]), enhanced_batch shape=torch.Size([1, 264960])
Using device: cpu
DEBUG: clean_batch shape=torch.Size([1, 264960]), enhanced_batch shape=torch.Size([1, 264960])
Using device: cpu
DEBUG: clean_batch shape=torch.Size([1, 264960]), enhanced_batch shape=torch.Size([1, 264960])
Using device: cpu
DEBUG: clean_batch shape=torch.Size([1, 264960]), enhanced_batch shape=torch.Size([1, 264960])
Using device: cpu
DEBUG: clean_batch shape=torch.Size([1, 264960]), enhanced_batch shape=torch.Size([1, 264960])
Using device: cpu
DEBUG: clean_batch shape=torch.Size([1, 264960]), enhanced_batch shape=torch.Size([1, 264960])
Using device: cpu
DEBUG: clean_batch shape=torch.Size([1, 264960]), enhanced_batch shape=torch.Size([1, 264960])
Using device: cpu
DEBUG: clean_batch shape=torch.Size([1, 264960]), enhanced_batch shape=torch.Size([1, 264960])
Using device: cpu
DEBUG: clean_batch shape=torch.Size([1, 264960]), enhanced_batch shape=torch.Size([1, 264960])
Using device: cpu
DEBUG: clean_batch shape=torch.Size([1, 264960]), enhanced_batch shape=torch.Size([1, 264960])
Using device: cpu
DEBUG: clean_batch shape=torch.Size([1, 264960]), enhanced_batch shape=torch.Size([1, 264960])
Using device: cpu
DEBUG: clean_batch shape=torch.Size([1, 264960]), enhanced_batch shape=torch.Size([1, 264960])

STATIONARY + p092
Clean speech duration: 15.57s (249096 samples)
Noise duration: 23.45s (375200 samples)
Noise truncated to random frame starting at sample 72162
DEBUG: clean_batch shape=torch.Size([1, 249088]), enhanced_batch shape=torch.Size([1, 249088])
Using device: cpu
DEBUG: clean_batch shape=torch.Size([1, 249088]), enhanced_batch shape=torch.Size([1, 249088])
Using device: cpu
DEBUG: clean_batch shape=torch.Size([1, 249040]), enhanced_batch shape=torch.Size([1, 249040])
Using device: cpu
DEBUG: clean_batch shape=torch.Size([1, 249088]), enhanced_batch shape=torch.Size([1, 249088])
Using device: cpu
DEBUG: clean_batch shape=torch.Size([1, 249040]), enhanced_batch shape=torch.Size([1, 249040])
Using device: cpu
DEBUG: clean_batch shape=torch.Size([1, 249088]), enhanced_batch shape=torch.Size([1, 249088])
Using device: cpu
DEBUG: clean_batch shape=torch.Size([1, 249040]), enhanced_batch shape=torch.Size([1, 249040])
Using device: cpu
DEBUG: clean_batch shape=torch.Size([1, 249088]), enhanced_batch shape=torch.Size([1, 249088])
Using device: cpu
DEBUG: clean_batch shape=torch.Size([1, 249040]), enhanced_batch shape=torch.Size([1, 249040])
  Progress: 360/640 (56.2%) - 17.1 min remaining
Using device: cpu
DEBUG: clean_batch shape=torch.Size([1, 249088]), enhanced_batch shape=torch.Size([1, 249088])
Using device: cpu
DEBUG: clean_batch shape=torch.Size([1, 249040]), enhanced_batch shape=torch.Size([1, 249040])
Using device: cpu
DEBUG: clean_batch shape=torch.Size([1, 249088]), enhanced_batch shape=torch.Size([1, 249088])
Using device: cpu
DEBUG: clean_batch shape=torch.Size([1, 249040]), enhanced_batch shape=torch.Size([1, 249040])
Using device: cpu
DEBUG: clean_batch shape=torch.Size([1, 249088]), enhanced_batch shape=torch.Size([1, 249088])
Using device: cpu
DEBUG: clean_batch shape=torch.Size([1, 249040]), enhanced_batch shape=torch.Size([1, 249040])
Using device: cpu
DEBUG: clean_batch shape=torch.Size([1, 249088]), enhanced_batch shape=torch.Size([1, 249088])
Using device: cpu
DEBUG: clean_batch shape=torch.Size([1, 249040]), enhanced_batch shape=torch.Size([1, 249040])

STATIONARY + p092
Clean speech duration: 16.56s (265022 samples)
Noise duration: 23.45s (375200 samples)
Noise truncated to random frame starting at sample 76850
DEBUG: clean_batch shape=torch.Size([1, 264960]), enhanced_batch shape=torch.Size([1, 264960])
Using device: cpu
DEBUG: clean_batch shape=torch.Size([1, 264960]), enhanced_batch shape=torch.Size([1, 264960])
Using device: cpu
DEBUG: clean_batch shape=torch.Size([1, 264960]), enhanced_batch shape=torch.Size([1, 264960])
Using device: cpu
DEBUG: clean_batch shape=torch.Size([1, 264960]), enhanced_batch shape=torch.Size([1, 264960])
Using device: cpu
DEBUG: clean_batch shape=torch.Size([1, 264960]), enhanced_batch shape=torch.Size([1, 264960])
Using device: cpu
DEBUG: clean_batch shape=torch.Size([1, 264960]), enhanced_batch shape=torch.Size([1, 264960])
Using device: cpu
DEBUG: clean_batch shape=torch.Size([1, 264960]), enhanced_batch shape=torch.Size([1, 264960])
Using device: cpu
DEBUG: clean_batch shape=torch.Size([1, 264960]), enhanced_batch shape=torch.Size([1, 264960])
Using device: cpu
DEBUG: clean_batch shape=torch.Size([1, 264960]), enhanced_batch shape=torch.Size([1, 264960])
Using device: cpu
DEBUG: clean_batch shape=torch.Size([1, 264960]), enhanced_batch shape=torch.Size([1, 264960])
Using device: cpu
DEBUG: clean_batch shape=torch.Size([1, 264960]), enhanced_batch shape=torch.Size([1, 264960])
Using device: cpu
DEBUG: clean_batch shape=torch.Size([1, 264960]), enhanced_batch shape=torch.Size([1, 264960])
Using device: cpu
DEBUG: clean_batch shape=torch.Size([1, 264960]), enhanced_batch shape=torch.Size([1, 264960])
  Progress: 380/640 (59.4%) - 15.9 min remaining
Using device: cpu
DEBUG: clean_batch shape=torch.Size([1, 264960]), enhanced_batch shape=torch.Size([1, 264960])
Using device: cpu
DEBUG: clean_batch shape=torch.Size([1, 264960]), enhanced_batch shape=torch.Size([1, 264960])
Using device: cpu
DEBUG: clean_batch shape=torch.Size([1, 264960]), enhanced_batch shape=torch.Size([1, 264960])
Using device: cpu
DEBUG: clean_batch shape=torch.Size([1, 264960]), enhanced_batch shape=torch.Size([1, 264960])

================================================================================
SNR = 10 dB
================================================================================

BABBLE + p092
Clean speech duration: 15.57s (249096 samples)
Noise duration: 29.05s (464800 samples)
Noise truncated to random frame starting at sample 195959
DEBUG: clean_batch shape=torch.Size([1, 249088]), enhanced_batch shape=torch.Size([1, 249088])
Using device: cpu
DEBUG: clean_batch shape=torch.Size([1, 249088]), enhanced_batch shape=torch.Size([1, 249088])
Using device: cpu
DEBUG: clean_batch shape=torch.Size([1, 249040]), enhanced_batch shape=torch.Size([1, 249040])
Using device: cpu
DEBUG: clean_batch shape=torch.Size([1, 249088]), enhanced_batch shape=torch.Size([1, 249088])
Using device: cpu
DEBUG: clean_batch shape=torch.Size([1, 249040]), enhanced_batch shape=torch.Size([1, 249040])
Using device: cpu
DEBUG: clean_batch shape=torch.Size([1, 249088]), enhanced_batch shape=torch.Size([1, 249088])
Using device: cpu
DEBUG: clean_batch shape=torch.Size([1, 249040]), enhanced_batch shape=torch.Size([1, 249040])
Using device: cpu
DEBUG: clean_batch shape=torch.Size([1, 249088]), enhanced_batch shape=torch.Size([1, 249088])
Using device: cpu
DEBUG: clean_batch shape=torch.Size([1, 249040]), enhanced_batch shape=torch.Size([1, 249040])
Using device: cpu
DEBUG: clean_batch shape=torch.Size([1, 249088]), enhanced_batch shape=torch.Size([1, 249088])
Using device: cpu
DEBUG: clean_batch shape=torch.Size([1, 249040]), enhanced_batch shape=torch.Size([1, 249040])
Using device: cpu
DEBUG: clean_batch shape=torch.Size([1, 249088]), enhanced_batch shape=torch.Size([1, 249088])
Using device: cpu
DEBUG: clean_batch shape=torch.Size([1, 249040]), enhanced_batch shape=torch.Size([1, 249040])
Using device: cpu
DEBUG: clean_batch shape=torch.Size([1, 249088]), enhanced_batch shape=torch.Size([1, 249088])
Using device: cpu
DEBUG: clean_batch shape=torch.Size([1, 249040]), enhanced_batch shape=torch.Size([1, 249040])
Using device: cpu
DEBUG: clean_batch shape=torch.Size([1, 249088]), enhanced_batch shape=torch.Size([1, 249088])
Using device: cpu
DEBUG: clean_batch shape=torch.Size([1, 249040]), enhanced_batch shape=torch.Size([1, 249040])
  Progress: 400/640 (62.5%) - 14.6 min remaining

BABBLE + p092
Clean speech duration: 16.56s (265022 samples)
Noise duration: 29.05s (464800 samples)
Noise truncated to random frame starting at sample 37735
DEBUG: clean_batch shape=torch.Size([1, 264960]), enhanced_batch shape=torch.Size([1, 264960])
Using device: cpu
DEBUG: clean_batch shape=torch.Size([1, 264960]), enhanced_batch shape=torch.Size([1, 264960])
Using device: cpu
DEBUG: clean_batch shape=torch.Size([1, 264960]), enhanced_batch shape=torch.Size([1, 264960])
Using device: cpu
DEBUG: clean_batch shape=torch.Size([1, 264960]), enhanced_batch shape=torch.Size([1, 264960])
Using device: cpu
DEBUG: clean_batch shape=torch.Size([1, 264960]), enhanced_batch shape=torch.Size([1, 264960])
Using device: cpu
DEBUG: clean_batch shape=torch.Size([1, 264960]), enhanced_batch shape=torch.Size([1, 264960])
Using device: cpu
DEBUG: clean_batch shape=torch.Size([1, 264960]), enhanced_batch shape=torch.Size([1, 264960])
Using device: cpu
DEBUG: clean_batch shape=torch.Size([1, 264960]), enhanced_batch shape=torch.Size([1, 264960])
Using device: cpu
DEBUG: clean_batch shape=torch.Size([1, 264960]), enhanced_batch shape=torch.Size([1, 264960])
Using device: cpu
DEBUG: clean_batch shape=torch.Size([1, 264960]), enhanced_batch shape=torch.Size([1, 264960])
Using device: cpu
DEBUG: clean_batch shape=torch.Size([1, 264960]), enhanced_batch shape=torch.Size([1, 264960])
Using device: cpu
DEBUG: clean_batch shape=torch.Size([1, 264960]), enhanced_batch shape=torch.Size([1, 264960])
Using device: cpu
DEBUG: clean_batch shape=torch.Size([1, 264960]), enhanced_batch shape=torch.Size([1, 264960])
Using device: cpu
DEBUG: clean_batch shape=torch.Size([1, 264960]), enhanced_batch shape=torch.Size([1, 264960])
Using device: cpu
DEBUG: clean_batch shape=torch.Size([1, 264960]), enhanced_batch shape=torch.Size([1, 264960])
Using device: cpu
DEBUG: clean_batch shape=torch.Size([1, 264960]), enhanced_batch shape=torch.Size([1, 264960])
Using device: cpu
DEBUG: clean_batch shape=torch.Size([1, 264960]), enhanced_batch shape=torch.Size([1, 264960])

TRAIN + p092
Clean speech duration: 15.57s (249096 samples)
Noise duration: 21.25s (340000 samples)
Noise truncated to random frame starting at sample 43365
DEBUG: clean_batch shape=torch.Size([1, 249088]), enhanced_batch shape=torch.Size([1, 249088])
Using device: cpu
DEBUG: clean_batch shape=torch.Size([1, 249088]), enhanced_batch shape=torch.Size([1, 249088])
Using device: cpu
DEBUG: clean_batch shape=torch.Size([1, 249040]), enhanced_batch shape=torch.Size([1, 249040])
Using device: cpu
DEBUG: clean_batch shape=torch.Size([1, 249088]), enhanced_batch shape=torch.Size([1, 249088])
Using device: cpu
DEBUG: clean_batch shape=torch.Size([1, 249040]), enhanced_batch shape=torch.Size([1, 249040])
  Progress: 420/640 (65.6%) - 13.4 min remaining
Using device: cpu
DEBUG: clean_batch shape=torch.Size([1, 249088]), enhanced_batch shape=torch.Size([1, 249088])
Using device: cpu
DEBUG: clean_batch shape=torch.Size([1, 249040]), enhanced_batch shape=torch.Size([1, 249040])
Using device: cpu
DEBUG: clean_batch shape=torch.Size([1, 249088]), enhanced_batch shape=torch.Size([1, 249088])
Using device: cpu
DEBUG: clean_batch shape=torch.Size([1, 249040]), enhanced_batch shape=torch.Size([1, 249040])
Using device: cpu
DEBUG: clean_batch shape=torch.Size([1, 249088]), enhanced_batch shape=torch.Size([1, 249088])
Using device: cpu
DEBUG: clean_batch shape=torch.Size([1, 249040]), enhanced_batch shape=torch.Size([1, 249040])
Using device: cpu
DEBUG: clean_batch shape=torch.Size([1, 249088]), enhanced_batch shape=torch.Size([1, 249088])
Using device: cpu
DEBUG: clean_batch shape=torch.Size([1, 249040]), enhanced_batch shape=torch.Size([1, 249040])
Using device: cpu
DEBUG: clean_batch shape=torch.Size([1, 249088]), enhanced_batch shape=torch.Size([1, 249088])
Using device: cpu
DEBUG: clean_batch shape=torch.Size([1, 249040]), enhanced_batch shape=torch.Size([1, 249040])
Using device: cpu
DEBUG: clean_batch shape=torch.Size([1, 249088]), enhanced_batch shape=torch.Size([1, 249088])
Using device: cpu
DEBUG: clean_batch shape=torch.Size([1, 249040]), enhanced_batch shape=torch.Size([1, 249040])

TRAIN + p092
Clean speech duration: 16.56s (265022 samples)
Noise duration: 21.25s (340000 samples)
Noise truncated to random frame starting at sample 10555
DEBUG: clean_batch shape=torch.Size([1, 264960]), enhanced_batch shape=torch.Size([1, 264960])
Using device: cpu
DEBUG: clean_batch shape=torch.Size([1, 264960]), enhanced_batch shape=torch.Size([1, 264960])
Using device: cpu
DEBUG: clean_batch shape=torch.Size([1, 264960]), enhanced_batch shape=torch.Size([1, 264960])
Using device: cpu
DEBUG: clean_batch shape=torch.Size([1, 264960]), enhanced_batch shape=torch.Size([1, 264960])
Using device: cpu
DEBUG: clean_batch shape=torch.Size([1, 264960]), enhanced_batch shape=torch.Size([1, 264960])
Using device: cpu
DEBUG: clean_batch shape=torch.Size([1, 264960]), enhanced_batch shape=torch.Size([1, 264960])
Using device: cpu
DEBUG: clean_batch shape=torch.Size([1, 264960]), enhanced_batch shape=torch.Size([1, 264960])
Using device: cpu
DEBUG: clean_batch shape=torch.Size([1, 264960]), enhanced_batch shape=torch.Size([1, 264960])
Using device: cpu
DEBUG: clean_batch shape=torch.Size([1, 264960]), enhanced_batch shape=torch.Size([1, 264960])
  Progress: 440/640 (68.8%) - 12.2 min remaining
Using device: cpu
DEBUG: clean_batch shape=torch.Size([1, 264960]), enhanced_batch shape=torch.Size([1, 264960])
Using device: cpu
DEBUG: clean_batch shape=torch.Size([1, 264960]), enhanced_batch shape=torch.Size([1, 264960])
Using device: cpu
DEBUG: clean_batch shape=torch.Size([1, 264960]), enhanced_batch shape=torch.Size([1, 264960])
Using device: cpu
DEBUG: clean_batch shape=torch.Size([1, 264960]), enhanced_batch shape=torch.Size([1, 264960])
Using device: cpu
DEBUG: clean_batch shape=torch.Size([1, 264960]), enhanced_batch shape=torch.Size([1, 264960])
Using device: cpu
DEBUG: clean_batch shape=torch.Size([1, 264960]), enhanced_batch shape=torch.Size([1, 264960])
Using device: cpu
DEBUG: clean_batch shape=torch.Size([1, 264960]), enhanced_batch shape=torch.Size([1, 264960])
Using device: cpu
DEBUG: clean_batch shape=torch.Size([1, 264960]), enhanced_batch shape=torch.Size([1, 264960])

STREET + p092
Clean speech duration: 15.57s (249096 samples)
Noise duration: 32.80s (524800 samples)
Noise truncated to random frame starting at sample 9932
DEBUG: clean_batch shape=torch.Size([1, 249088]), enhanced_batch shape=torch.Size([1, 249088])
Using device: cpu
DEBUG: clean_batch shape=torch.Size([1, 249088]), enhanced_batch shape=torch.Size([1, 249088])
Using device: cpu
DEBUG: clean_batch shape=torch.Size([1, 249040]), enhanced_batch shape=torch.Size([1, 249040])
Using device: cpu
DEBUG: clean_batch shape=torch.Size([1, 249088]), enhanced_batch shape=torch.Size([1, 249088])
Using device: cpu
DEBUG: clean_batch shape=torch.Size([1, 249040]), enhanced_batch shape=torch.Size([1, 249040])
Using device: cpu
DEBUG: clean_batch shape=torch.Size([1, 249088]), enhanced_batch shape=torch.Size([1, 249088])
Using device: cpu
DEBUG: clean_batch shape=torch.Size([1, 249040]), enhanced_batch shape=torch.Size([1, 249040])
Using device: cpu
DEBUG: clean_batch shape=torch.Size([1, 249088]), enhanced_batch shape=torch.Size([1, 249088])
Using device: cpu
DEBUG: clean_batch shape=torch.Size([1, 249040]), enhanced_batch shape=torch.Size([1, 249040])
Using device: cpu
DEBUG: clean_batch shape=torch.Size([1, 249088]), enhanced_batch shape=torch.Size([1, 249088])
Using device: cpu
DEBUG: clean_batch shape=torch.Size([1, 249040]), enhanced_batch shape=torch.Size([1, 249040])
Using device: cpu
DEBUG: clean_batch shape=torch.Size([1, 249088]), enhanced_batch shape=torch.Size([1, 249088])
Using device: cpu
DEBUG: clean_batch shape=torch.Size([1, 249040]), enhanced_batch shape=torch.Size([1, 249040])
  Progress: 460/640 (71.9%) - 10.9 min remaining
Using device: cpu
DEBUG: clean_batch shape=torch.Size([1, 249088]), enhanced_batch shape=torch.Size([1, 249088])
Using device: cpu
DEBUG: clean_batch shape=torch.Size([1, 249040]), enhanced_batch shape=torch.Size([1, 249040])
Using device: cpu
DEBUG: clean_batch shape=torch.Size([1, 249088]), enhanced_batch shape=torch.Size([1, 249088])
Using device: cpu
DEBUG: clean_batch shape=torch.Size([1, 249040]), enhanced_batch shape=torch.Size([1, 249040])

STREET + p092
Clean speech duration: 16.56s (265022 samples)
Noise duration: 32.80s (524800 samples)
Noise truncated to random frame starting at sample 250292
DEBUG: clean_batch shape=torch.Size([1, 264960]), enhanced_batch shape=torch.Size([1, 264960])
Using device: cpu
DEBUG: clean_batch shape=torch.Size([1, 264960]), enhanced_batch shape=torch.Size([1, 264960])
Using device: cpu
DEBUG: clean_batch shape=torch.Size([1, 264960]), enhanced_batch shape=torch.Size([1, 264960])
Using device: cpu
DEBUG: clean_batch shape=torch.Size([1, 264960]), enhanced_batch shape=torch.Size([1, 264960])
Using device: cpu
DEBUG: clean_batch shape=torch.Size([1, 264960]), enhanced_batch shape=torch.Size([1, 264960])
Using device: cpu
DEBUG: clean_batch shape=torch.Size([1, 264960]), enhanced_batch shape=torch.Size([1, 264960])
Using device: cpu
DEBUG: clean_batch shape=torch.Size([1, 264960]), enhanced_batch shape=torch.Size([1, 264960])
Using device: cpu
DEBUG: clean_batch shape=torch.Size([1, 264960]), enhanced_batch shape=torch.Size([1, 264960])
Using device: cpu
DEBUG: clean_batch shape=torch.Size([1, 264960]), enhanced_batch shape=torch.Size([1, 264960])
Using device: cpu
DEBUG: clean_batch shape=torch.Size([1, 264960]), enhanced_batch shape=torch.Size([1, 264960])
Using device: cpu
DEBUG: clean_batch shape=torch.Size([1, 264960]), enhanced_batch shape=torch.Size([1, 264960])
Using device: cpu
DEBUG: clean_batch shape=torch.Size([1, 264960]), enhanced_batch shape=torch.Size([1, 264960])
Using device: cpu
DEBUG: clean_batch shape=torch.Size([1, 264960]), enhanced_batch shape=torch.Size([1, 264960])
Using device: cpu
DEBUG: clean_batch shape=torch.Size([1, 264960]), enhanced_batch shape=torch.Size([1, 264960])
Using device: cpu
DEBUG: clean_batch shape=torch.Size([1, 264960]), enhanced_batch shape=torch.Size([1, 264960])
Using device: cpu
DEBUG: clean_batch shape=torch.Size([1, 264960]), enhanced_batch shape=torch.Size([1, 264960])
Using device: cpu
DEBUG: clean_batch shape=torch.Size([1, 264960]), enhanced_batch shape=torch.Size([1, 264960])
  Progress: 480/640 (75.0%) - 9.7 min remaining

STATIONARY + p092
Clean speech duration: 15.57s (249096 samples)
Noise duration: 23.45s (375200 samples)
Noise truncated to random frame starting at sample 87259
DEBUG: clean_batch shape=torch.Size([1, 249088]), enhanced_batch shape=torch.Size([1, 249088])
Using device: cpu
DEBUG: clean_batch shape=torch.Size([1, 249088]), enhanced_batch shape=torch.Size([1, 249088])
Using device: cpu
DEBUG: clean_batch shape=torch.Size([1, 249040]), enhanced_batch shape=torch.Size([1, 249040])
Using device: cpu
DEBUG: clean_batch shape=torch.Size([1, 249088]), enhanced_batch shape=torch.Size([1, 249088])
Using device: cpu
DEBUG: clean_batch shape=torch.Size([1, 249040]), enhanced_batch shape=torch.Size([1, 249040])
Using device: cpu
DEBUG: clean_batch shape=torch.Size([1, 249088]), enhanced_batch shape=torch.Size([1, 249088])
Using device: cpu
DEBUG: clean_batch shape=torch.Size([1, 249040]), enhanced_batch shape=torch.Size([1, 249040])
Using device: cpu
DEBUG: clean_batch shape=torch.Size([1, 249088]), enhanced_batch shape=torch.Size([1, 249088])
Using device: cpu
DEBUG: clean_batch shape=torch.Size([1, 249040]), enhanced_batch shape=torch.Size([1, 249040])
Using device: cpu
DEBUG: clean_batch shape=torch.Size([1, 249088]), enhanced_batch shape=torch.Size([1, 249088])
Using device: cpu
DEBUG: clean_batch shape=torch.Size([1, 249040]), enhanced_batch shape=torch.Size([1, 249040])
Using device: cpu
DEBUG: clean_batch shape=torch.Size([1, 249088]), enhanced_batch shape=torch.Size([1, 249088])
Using device: cpu
DEBUG: clean_batch shape=torch.Size([1, 249040]), enhanced_batch shape=torch.Size([1, 249040])
Using device: cpu
DEBUG: clean_batch shape=torch.Size([1, 249088]), enhanced_batch shape=torch.Size([1, 249088])
Using device: cpu
DEBUG: clean_batch shape=torch.Size([1, 249040]), enhanced_batch shape=torch.Size([1, 249040])
Using device: cpu
DEBUG: clean_batch shape=torch.Size([1, 249088]), enhanced_batch shape=torch.Size([1, 249088])
Using device: cpu
DEBUG: clean_batch shape=torch.Size([1, 249040]), enhanced_batch shape=torch.Size([1, 249040])

STATIONARY + p092
Clean speech duration: 16.56s (265022 samples)
Noise duration: 23.45s (375200 samples)
Noise truncated to random frame starting at sample 48453
DEBUG: clean_batch shape=torch.Size([1, 264960]), enhanced_batch shape=torch.Size([1, 264960])
Using device: cpu
DEBUG: clean_batch shape=torch.Size([1, 264960]), enhanced_batch shape=torch.Size([1, 264960])
Using device: cpu
DEBUG: clean_batch shape=torch.Size([1, 264960]), enhanced_batch shape=torch.Size([1, 264960])
Using device: cpu
DEBUG: clean_batch shape=torch.Size([1, 264960]), enhanced_batch shape=torch.Size([1, 264960])
Using device: cpu
DEBUG: clean_batch shape=torch.Size([1, 264960]), enhanced_batch shape=torch.Size([1, 264960])
  Progress: 500/640 (78.1%) - 8.5 min remaining
Using device: cpu
DEBUG: clean_batch shape=torch.Size([1, 264960]), enhanced_batch shape=torch.Size([1, 264960])
Using device: cpu
DEBUG: clean_batch shape=torch.Size([1, 264960]), enhanced_batch shape=torch.Size([1, 264960])
Using device: cpu
DEBUG: clean_batch shape=torch.Size([1, 264960]), enhanced_batch shape=torch.Size([1, 264960])
Using device: cpu
DEBUG: clean_batch shape=torch.Size([1, 264960]), enhanced_batch shape=torch.Size([1, 264960])
Using device: cpu
DEBUG: clean_batch shape=torch.Size([1, 264960]), enhanced_batch shape=torch.Size([1, 264960])
Using device: cpu
DEBUG: clean_batch shape=torch.Size([1, 264960]), enhanced_batch shape=torch.Size([1, 264960])
Using device: cpu
DEBUG: clean_batch shape=torch.Size([1, 264960]), enhanced_batch shape=torch.Size([1, 264960])
Using device: cpu
DEBUG: clean_batch shape=torch.Size([1, 264960]), enhanced_batch shape=torch.Size([1, 264960])
Using device: cpu
DEBUG: clean_batch shape=torch.Size([1, 264960]), enhanced_batch shape=torch.Size([1, 264960])
Using device: cpu
DEBUG: clean_batch shape=torch.Size([1, 264960]), enhanced_batch shape=torch.Size([1, 264960])
Using device: cpu
DEBUG: clean_batch shape=torch.Size([1, 264960]), enhanced_batch shape=torch.Size([1, 264960])
Using device: cpu
DEBUG: clean_batch shape=torch.Size([1, 264960]), enhanced_batch shape=torch.Size([1, 264960])

================================================================================
SNR = 15 dB
================================================================================

BABBLE + p092
Clean speech duration: 15.57s (249096 samples)
Noise duration: 29.05s (464800 samples)
Noise truncated to random frame starting at sample 84827
DEBUG: clean_batch shape=torch.Size([1, 249088]), enhanced_batch shape=torch.Size([1, 249088])
Using device: cpu
DEBUG: clean_batch shape=torch.Size([1, 249088]), enhanced_batch shape=torch.Size([1, 249088])
Using device: cpu
DEBUG: clean_batch shape=torch.Size([1, 249040]), enhanced_batch shape=torch.Size([1, 249040])
Using device: cpu
DEBUG: clean_batch shape=torch.Size([1, 249088]), enhanced_batch shape=torch.Size([1, 249088])
Using device: cpu
DEBUG: clean_batch shape=torch.Size([1, 249040]), enhanced_batch shape=torch.Size([1, 249040])
Using device: cpu
DEBUG: clean_batch shape=torch.Size([1, 249088]), enhanced_batch shape=torch.Size([1, 249088])
Using device: cpu
DEBUG: clean_batch shape=torch.Size([1, 249040]), enhanced_batch shape=torch.Size([1, 249040])
Using device: cpu
DEBUG: clean_batch shape=torch.Size([1, 249088]), enhanced_batch shape=torch.Size([1, 249088])
Using device: cpu
DEBUG: clean_batch shape=torch.Size([1, 249040]), enhanced_batch shape=torch.Size([1, 249040])
  Progress: 520/640 (81.2%) - 7.3 min remaining
Using device: cpu
DEBUG: clean_batch shape=torch.Size([1, 249088]), enhanced_batch shape=torch.Size([1, 249088])
Using device: cpu
DEBUG: clean_batch shape=torch.Size([1, 249040]), enhanced_batch shape=torch.Size([1, 249040])
Using device: cpu
DEBUG: clean_batch shape=torch.Size([1, 249088]), enhanced_batch shape=torch.Size([1, 249088])
Using device: cpu
DEBUG: clean_batch shape=torch.Size([1, 249040]), enhanced_batch shape=torch.Size([1, 249040])
Using device: cpu
DEBUG: clean_batch shape=torch.Size([1, 249088]), enhanced_batch shape=torch.Size([1, 249088])
Using device: cpu
DEBUG: clean_batch shape=torch.Size([1, 249040]), enhanced_batch shape=torch.Size([1, 249040])
Using device: cpu
DEBUG: clean_batch shape=torch.Size([1, 249088]), enhanced_batch shape=torch.Size([1, 249088])
Using device: cpu
DEBUG: clean_batch shape=torch.Size([1, 249040]), enhanced_batch shape=torch.Size([1, 249040])

BABBLE + p092
Clean speech duration: 16.56s (265022 samples)
Noise duration: 29.05s (464800 samples)
Noise truncated to random frame starting at sample 98064
DEBUG: clean_batch shape=torch.Size([1, 264960]), enhanced_batch shape=torch.Size([1, 264960])
Using device: cpu
DEBUG: clean_batch shape=torch.Size([1, 264960]), enhanced_batch shape=torch.Size([1, 264960])
Using device: cpu
DEBUG: clean_batch shape=torch.Size([1, 264960]), enhanced_batch shape=torch.Size([1, 264960])
Using device: cpu
DEBUG: clean_batch shape=torch.Size([1, 264960]), enhanced_batch shape=torch.Size([1, 264960])
Using device: cpu
DEBUG: clean_batch shape=torch.Size([1, 264960]), enhanced_batch shape=torch.Size([1, 264960])
Using device: cpu
DEBUG: clean_batch shape=torch.Size([1, 264960]), enhanced_batch shape=torch.Size([1, 264960])
Using device: cpu
DEBUG: clean_batch shape=torch.Size([1, 264960]), enhanced_batch shape=torch.Size([1, 264960])
Using device: cpu
DEBUG: clean_batch shape=torch.Size([1, 264960]), enhanced_batch shape=torch.Size([1, 264960])
Using device: cpu
DEBUG: clean_batch shape=torch.Size([1, 264960]), enhanced_batch shape=torch.Size([1, 264960])
Using device: cpu
DEBUG: clean_batch shape=torch.Size([1, 264960]), enhanced_batch shape=torch.Size([1, 264960])
Using device: cpu
DEBUG: clean_batch shape=torch.Size([1, 264960]), enhanced_batch shape=torch.Size([1, 264960])
Using device: cpu
DEBUG: clean_batch shape=torch.Size([1, 264960]), enhanced_batch shape=torch.Size([1, 264960])
Using device: cpu
DEBUG: clean_batch shape=torch.Size([1, 264960]), enhanced_batch shape=torch.Size([1, 264960])
  Progress: 540/640 (84.4%) - 6.1 min remaining
Using device: cpu
DEBUG: clean_batch shape=torch.Size([1, 264960]), enhanced_batch shape=torch.Size([1, 264960])
Using device: cpu
DEBUG: clean_batch shape=torch.Size([1, 264960]), enhanced_batch shape=torch.Size([1, 264960])
Using device: cpu
DEBUG: clean_batch shape=torch.Size([1, 264960]), enhanced_batch shape=torch.Size([1, 264960])
Using device: cpu
DEBUG: clean_batch shape=torch.Size([1, 264960]), enhanced_batch shape=torch.Size([1, 264960])

TRAIN + p092
Clean speech duration: 15.57s (249096 samples)
Noise duration: 21.25s (340000 samples)
Noise truncated to random frame starting at sample 78417
DEBUG: clean_batch shape=torch.Size([1, 249088]), enhanced_batch shape=torch.Size([1, 249088])
Using device: cpu
DEBUG: clean_batch shape=torch.Size([1, 249088]), enhanced_batch shape=torch.Size([1, 249088])
Using device: cpu
DEBUG: clean_batch shape=torch.Size([1, 249040]), enhanced_batch shape=torch.Size([1, 249040])
Using device: cpu
DEBUG: clean_batch shape=torch.Size([1, 249088]), enhanced_batch shape=torch.Size([1, 249088])
Using device: cpu
DEBUG: clean_batch shape=torch.Size([1, 249040]), enhanced_batch shape=torch.Size([1, 249040])
Using device: cpu
DEBUG: clean_batch shape=torch.Size([1, 249088]), enhanced_batch shape=torch.Size([1, 249088])
Using device: cpu
DEBUG: clean_batch shape=torch.Size([1, 249040]), enhanced_batch shape=torch.Size([1, 249040])
Using device: cpu
DEBUG: clean_batch shape=torch.Size([1, 249088]), enhanced_batch shape=torch.Size([1, 249088])
Using device: cpu
DEBUG: clean_batch shape=torch.Size([1, 249040]), enhanced_batch shape=torch.Size([1, 249040])
Using device: cpu
DEBUG: clean_batch shape=torch.Size([1, 249088]), enhanced_batch shape=torch.Size([1, 249088])
Using device: cpu
DEBUG: clean_batch shape=torch.Size([1, 249040]), enhanced_batch shape=torch.Size([1, 249040])
Using device: cpu
DEBUG: clean_batch shape=torch.Size([1, 249088]), enhanced_batch shape=torch.Size([1, 249088])
Using device: cpu
DEBUG: clean_batch shape=torch.Size([1, 249040]), enhanced_batch shape=torch.Size([1, 249040])
Using device: cpu
DEBUG: clean_batch shape=torch.Size([1, 249088]), enhanced_batch shape=torch.Size([1, 249088])
Using device: cpu
DEBUG: clean_batch shape=torch.Size([1, 249040]), enhanced_batch shape=torch.Size([1, 249040])
Using device: cpu
DEBUG: clean_batch shape=torch.Size([1, 249088]), enhanced_batch shape=torch.Size([1, 249088])
Using device: cpu
DEBUG: clean_batch shape=torch.Size([1, 249040]), enhanced_batch shape=torch.Size([1, 249040])
  Progress: 560/640 (87.5%) - 4.8 min remaining

TRAIN + p092
Clean speech duration: 16.56s (265022 samples)
Noise duration: 21.25s (340000 samples)
Noise truncated to random frame starting at sample 37125
DEBUG: clean_batch shape=torch.Size([1, 264960]), enhanced_batch shape=torch.Size([1, 264960])
Using device: cpu
DEBUG: clean_batch shape=torch.Size([1, 264960]), enhanced_batch shape=torch.Size([1, 264960])
Using device: cpu
DEBUG: clean_batch shape=torch.Size([1, 264960]), enhanced_batch shape=torch.Size([1, 264960])
Using device: cpu
DEBUG: clean_batch shape=torch.Size([1, 264960]), enhanced_batch shape=torch.Size([1, 264960])
Using device: cpu
DEBUG: clean_batch shape=torch.Size([1, 264960]), enhanced_batch shape=torch.Size([1, 264960])
Using device: cpu
DEBUG: clean_batch shape=torch.Size([1, 264960]), enhanced_batch shape=torch.Size([1, 264960])
Using device: cpu
DEBUG: clean_batch shape=torch.Size([1, 264960]), enhanced_batch shape=torch.Size([1, 264960])
Using device: cpu
DEBUG: clean_batch shape=torch.Size([1, 264960]), enhanced_batch shape=torch.Size([1, 264960])
Using device: cpu
DEBUG: clean_batch shape=torch.Size([1, 264960]), enhanced_batch shape=torch.Size([1, 264960])
Using device: cpu
DEBUG: clean_batch shape=torch.Size([1, 264960]), enhanced_batch shape=torch.Size([1, 264960])
Using device: cpu
DEBUG: clean_batch shape=torch.Size([1, 264960]), enhanced_batch shape=torch.Size([1, 264960])
Using device: cpu
DEBUG: clean_batch shape=torch.Size([1, 264960]), enhanced_batch shape=torch.Size([1, 264960])
Using device: cpu
DEBUG: clean_batch shape=torch.Size([1, 264960]), enhanced_batch shape=torch.Size([1, 264960])
Using device: cpu
DEBUG: clean_batch shape=torch.Size([1, 264960]), enhanced_batch shape=torch.Size([1, 264960])
Using device: cpu
DEBUG: clean_batch shape=torch.Size([1, 264960]), enhanced_batch shape=torch.Size([1, 264960])
Using device: cpu
DEBUG: clean_batch shape=torch.Size([1, 264960]), enhanced_batch shape=torch.Size([1, 264960])
Using device: cpu
DEBUG: clean_batch shape=torch.Size([1, 264960]), enhanced_batch shape=torch.Size([1, 264960])

STREET + p092
Clean speech duration: 15.57s (249096 samples)
Noise duration: 32.80s (524800 samples)
Noise truncated to random frame starting at sample 26289
DEBUG: clean_batch shape=torch.Size([1, 249088]), enhanced_batch shape=torch.Size([1, 249088])
Using device: cpu
DEBUG: clean_batch shape=torch.Size([1, 249088]), enhanced_batch shape=torch.Size([1, 249088])
Using device: cpu
DEBUG: clean_batch shape=torch.Size([1, 249040]), enhanced_batch shape=torch.Size([1, 249040])
Using device: cpu
DEBUG: clean_batch shape=torch.Size([1, 249088]), enhanced_batch shape=torch.Size([1, 249088])
Using device: cpu
DEBUG: clean_batch shape=torch.Size([1, 249040]), enhanced_batch shape=torch.Size([1, 249040])
  Progress: 580/640 (90.6%) - 3.6 min remaining
Using device: cpu
DEBUG: clean_batch shape=torch.Size([1, 249088]), enhanced_batch shape=torch.Size([1, 249088])
Using device: cpu
DEBUG: clean_batch shape=torch.Size([1, 249040]), enhanced_batch shape=torch.Size([1, 249040])
Using device: cpu
DEBUG: clean_batch shape=torch.Size([1, 249088]), enhanced_batch shape=torch.Size([1, 249088])
Using device: cpu
DEBUG: clean_batch shape=torch.Size([1, 249040]), enhanced_batch shape=torch.Size([1, 249040])
Using device: cpu
DEBUG: clean_batch shape=torch.Size([1, 249088]), enhanced_batch shape=torch.Size([1, 249088])
Using device: cpu
DEBUG: clean_batch shape=torch.Size([1, 249040]), enhanced_batch shape=torch.Size([1, 249040])
Using device: cpu
DEBUG: clean_batch shape=torch.Size([1, 249088]), enhanced_batch shape=torch.Size([1, 249088])
Using device: cpu
DEBUG: clean_batch shape=torch.Size([1, 249040]), enhanced_batch shape=torch.Size([1, 249040])
Using device: cpu
DEBUG: clean_batch shape=torch.Size([1, 249088]), enhanced_batch shape=torch.Size([1, 249088])
Using device: cpu
DEBUG: clean_batch shape=torch.Size([1, 249040]), enhanced_batch shape=torch.Size([1, 249040])
Using device: cpu
DEBUG: clean_batch shape=torch.Size([1, 249088]), enhanced_batch shape=torch.Size([1, 249088])
Using device: cpu
DEBUG: clean_batch shape=torch.Size([1, 249040]), enhanced_batch shape=torch.Size([1, 249040])

STREET + p092
Clean speech duration: 16.56s (265022 samples)
Noise duration: 32.80s (524800 samples)
Noise truncated to random frame starting at sample 208305
DEBUG: clean_batch shape=torch.Size([1, 264960]), enhanced_batch shape=torch.Size([1, 264960])
Using device: cpu
DEBUG: clean_batch shape=torch.Size([1, 264960]), enhanced_batch shape=torch.Size([1, 264960])
Using device: cpu
DEBUG: clean_batch shape=torch.Size([1, 264960]), enhanced_batch shape=torch.Size([1, 264960])
Using device: cpu
DEBUG: clean_batch shape=torch.Size([1, 264960]), enhanced_batch shape=torch.Size([1, 264960])
Using device: cpu
DEBUG: clean_batch shape=torch.Size([1, 264960]), enhanced_batch shape=torch.Size([1, 264960])
Using device: cpu
DEBUG: clean_batch shape=torch.Size([1, 264960]), enhanced_batch shape=torch.Size([1, 264960])
Using device: cpu
DEBUG: clean_batch shape=torch.Size([1, 264960]), enhanced_batch shape=torch.Size([1, 264960])
Using device: cpu
DEBUG: clean_batch shape=torch.Size([1, 264960]), enhanced_batch shape=torch.Size([1, 264960])
Using device: cpu
DEBUG: clean_batch shape=torch.Size([1, 264960]), enhanced_batch shape=torch.Size([1, 264960])
  Progress: 600/640 (93.8%) - 2.4 min remaining
Using device: cpu
DEBUG: clean_batch shape=torch.Size([1, 264960]), enhanced_batch shape=torch.Size([1, 264960])
Using device: cpu
DEBUG: clean_batch shape=torch.Size([1, 264960]), enhanced_batch shape=torch.Size([1, 264960])
Using device: cpu
DEBUG: clean_batch shape=torch.Size([1, 264960]), enhanced_batch shape=torch.Size([1, 264960])
Using device: cpu
DEBUG: clean_batch shape=torch.Size([1, 264960]), enhanced_batch shape=torch.Size([1, 264960])
Using device: cpu
DEBUG: clean_batch shape=torch.Size([1, 264960]), enhanced_batch shape=torch.Size([1, 264960])
Using device: cpu
DEBUG: clean_batch shape=torch.Size([1, 264960]), enhanced_batch shape=torch.Size([1, 264960])
Using device: cpu
DEBUG: clean_batch shape=torch.Size([1, 264960]), enhanced_batch shape=torch.Size([1, 264960])
Using device: cpu
DEBUG: clean_batch shape=torch.Size([1, 264960]), enhanced_batch shape=torch.Size([1, 264960])

STATIONARY + p092
Clean speech duration: 15.57s (249096 samples)
Noise duration: 23.45s (375200 samples)
Noise truncated to random frame starting at sample 58332
DEBUG: clean_batch shape=torch.Size([1, 249088]), enhanced_batch shape=torch.Size([1, 249088])
Using device: cpu
DEBUG: clean_batch shape=torch.Size([1, 249088]), enhanced_batch shape=torch.Size([1, 249088])
Using device: cpu
DEBUG: clean_batch shape=torch.Size([1, 249040]), enhanced_batch shape=torch.Size([1, 249040])
Using device: cpu
DEBUG: clean_batch shape=torch.Size([1, 249088]), enhanced_batch shape=torch.Size([1, 249088])
Using device: cpu
DEBUG: clean_batch shape=torch.Size([1, 249040]), enhanced_batch shape=torch.Size([1, 249040])
Using device: cpu
DEBUG: clean_batch shape=torch.Size([1, 249088]), enhanced_batch shape=torch.Size([1, 249088])
Using device: cpu
DEBUG: clean_batch shape=torch.Size([1, 249040]), enhanced_batch shape=torch.Size([1, 249040])
Using device: cpu
DEBUG: clean_batch shape=torch.Size([1, 249088]), enhanced_batch shape=torch.Size([1, 249088])
Using device: cpu
DEBUG: clean_batch shape=torch.Size([1, 249040]), enhanced_batch shape=torch.Size([1, 249040])
Using device: cpu
DEBUG: clean_batch shape=torch.Size([1, 249088]), enhanced_batch shape=torch.Size([1, 249088])
Using device: cpu
DEBUG: clean_batch shape=torch.Size([1, 249040]), enhanced_batch shape=torch.Size([1, 249040])
Using device: cpu
DEBUG: clean_batch shape=torch.Size([1, 249088]), enhanced_batch shape=torch.Size([1, 249088])
Using device: cpu
DEBUG: clean_batch shape=torch.Size([1, 249040]), enhanced_batch shape=torch.Size([1, 249040])
  Progress: 620/640 (96.9%) - 1.2 min remaining
Using device: cpu
DEBUG: clean_batch shape=torch.Size([1, 249088]), enhanced_batch shape=torch.Size([1, 249088])
Using device: cpu
DEBUG: clean_batch shape=torch.Size([1, 249040]), enhanced_batch shape=torch.Size([1, 249040])
Using device: cpu
DEBUG: clean_batch shape=torch.Size([1, 249088]), enhanced_batch shape=torch.Size([1, 249088])
Using device: cpu
DEBUG: clean_batch shape=torch.Size([1, 249040]), enhanced_batch shape=torch.Size([1, 249040])

STATIONARY + p092
Clean speech duration: 16.56s (265022 samples)
Noise duration: 23.45s (375200 samples)
Noise truncated to random frame starting at sample 16344
DEBUG: clean_batch shape=torch.Size([1, 264960]), enhanced_batch shape=torch.Size([1, 264960])
Using device: cpu
DEBUG: clean_batch shape=torch.Size([1, 264960]), enhanced_batch shape=torch.Size([1, 264960])
Using device: cpu
DEBUG: clean_batch shape=torch.Size([1, 264960]), enhanced_batch shape=torch.Size([1, 264960])
Using device: cpu
DEBUG: clean_batch shape=torch.Size([1, 264960]), enhanced_batch shape=torch.Size([1, 264960])
Using device: cpu
DEBUG: clean_batch shape=torch.Size([1, 264960]), enhanced_batch shape=torch.Size([1, 264960])
Using device: cpu
DEBUG: clean_batch shape=torch.Size([1, 264960]), enhanced_batch shape=torch.Size([1, 264960])
Using device: cpu
DEBUG: clean_batch shape=torch.Size([1, 264960]), enhanced_batch shape=torch.Size([1, 264960])
Using device: cpu
DEBUG: clean_batch shape=torch.Size([1, 264960]), enhanced_batch shape=torch.Size([1, 264960])
Using device: cpu
DEBUG: clean_batch shape=torch.Size([1, 264960]), enhanced_batch shape=torch.Size([1, 264960])
Using device: cpu
DEBUG: clean_batch shape=torch.Size([1, 264960]), enhanced_batch shape=torch.Size([1, 264960])
Using device: cpu
DEBUG: clean_batch shape=torch.Size([1, 264960]), enhanced_batch shape=torch.Size([1, 264960])
Using device: cpu
DEBUG: clean_batch shape=torch.Size([1, 264960]), enhanced_batch shape=torch.Size([1, 264960])
Using device: cpu
DEBUG: clean_batch shape=torch.Size([1, 264960]), enhanced_batch shape=torch.Size([1, 264960])
Using device: cpu
DEBUG: clean_batch shape=torch.Size([1, 264960]), enhanced_batch shape=torch.Size([1, 264960])
Using device: cpu
DEBUG: clean_batch shape=torch.Size([1, 264960]), enhanced_batch shape=torch.Size([1, 264960])
Using device: cpu
DEBUG: clean_batch shape=torch.Size([1, 264960]), enhanced_batch shape=torch.Size([1, 264960])
Using device: cpu
DEBUG: clean_batch shape=torch.Size([1, 264960]), enhanced_batch shape=torch.Size([1, 264960])
  Progress: 640/640 (100.0%) - 0.0 min remaining

================================================================================
SWEEP COMPLETE in 38.8 minutes
================================================================================

================================================================================
IMPROVEMENT ANALYSIS
================================================================================

--- Overall Improvement Over GTCRN Baseline ---
Average PESQ improvement: -0.0762
Average STOI improvement: -0.0109
Configurations improving PESQ: 66/640 (10.3%)
Configurations improving STOI: 0/640 (0.0%)

================================================================================
BEST CONFIGURATIONS BY SNR
================================================================================

--- SNR = -5 dB ---
Best configuration:
  Nband: 6, Floor: 0.0100
  GTCRN+SS: PESQ=1.5113, STOI=0.7847
  GTCRN only: PESQ=1.5066, STOI=0.7922
  Improvement: PESQ=+0.0047, STOI=-0.0074

--- SNR = 0 dB ---
Best configuration:
  Nband: 6, Floor: 0.0100
  GTCRN+SS: PESQ=1.8516, STOI=0.8404
  GTCRN only: PESQ=1.8592, STOI=0.8465
  Improvement: PESQ=-0.0077, STOI=-0.0060

--- SNR = 5 dB ---
Best configuration:
  Nband: 16, Floor: 0.0100
  GTCRN+SS: PESQ=2.0432, STOI=0.8714
  GTCRN only: PESQ=2.1403, STOI=0.8815
  Improvement: PESQ=-0.0971, STOI=-0.0101

--- SNR = 10 dB ---
Best configuration:
  Nband: 6, Floor: 0.0100
  GTCRN+SS: PESQ=2.4657, STOI=0.9049
  GTCRN only: PESQ=2.4365, STOI=0.9083
  Improvement: PESQ=+0.0293, STOI=-0.0034

--- SNR = 15 dB ---
Best configuration:
  Nband: 16, Floor: 0.0100
  GTCRN+SS: PESQ=2.6412, STOI=0.9307
  GTCRN only: PESQ=2.6086, STOI=0.9335
  Improvement: PESQ=+0.0326, STOI=-0.0028

================================================================================
BEST CONFIGURATIONS BY NOISE TYPE
================================================================================

--- BABBLE ---
  Best: Nband=16, Floor=0.0100
  PESQ improvement: -0.0103
  STOI improvement: -0.0090

--- TRAIN ---
  Best: Nband=16, Floor=0.0100
  PESQ improvement: -0.0245
  STOI improvement: -0.0113

--- STREET ---
  Best: Nband=16, Floor=0.0100
  PESQ improvement: -0.0231
  STOI improvement: -0.0082

--- STATIONARY ---
  Best: Nband=16, Floor=0.0100
  PESQ improvement: +0.0326
  STOI improvement: -0.0028

================================================================================
RECOMMENDATION
================================================================================

Most consistent configuration across all conditions:
  Nband: 16
  Floor: 0.0100
  Average PESQ improvement: -0.0729
  Average STOI improvement: -0.0112

 SS post-processing may not be beneficial

All results saved to: /home/25p85/Gabi/PROJECT-25P85/results/FINAL_GTCRN_SS_SWEEP
================================================================================
