usage: conda [-h] [--no-plugins] [-V] COMMAND ...
conda: error: argument COMMAND: invalid choice: 'activate' (choose from 'clean', 'compare', 'config', 'create', 'info', 'init', 'install', 'list', 'notices', 'package', 'remove', 'uninstall', 'rename', 'run', 'search', 'update', 'upgrade', 'build', 'content-trust', 'convert', 'debug', 'develop', 'doctor', 'index', 'inspect', 'metapackage', 'render', 'skeleton', 'repo', 'env', 'server', 'pack', 'verify', 'token')
/home/25p85/Gabi/PROJECT-25P85/src/utils/audio_dataset_loader.py:62: UserWarning: torchaudio._backend.utils.info has been deprecated. This deprecation is part of a large refactoring effort to transition TorchAudio into a maintenance phase. The decoding and encoding capabilities of PyTorch for both audio and video are being consolidated into TorchCodec. Please see https://github.com/pytorch/audio/issues/3902 for more information. It will be removed from the 2.9 release. 
  info = torchaudio.info(f)
/home/25p85/.conda/envs/py312/lib/python3.12/site-packages/torchaudio/_backend/soundfile_backend.py:120: UserWarning: torchaudio._backend.common.AudioMetaData has been deprecated. This deprecation is part of a large refactoring effort to transition TorchAudio into a maintenance phase. The decoding and encoding capabilities of PyTorch for both audio and video are being consolidated into TorchCodec. Please see https://github.com/pytorch/audio/issues/3902 for more information. It will be removed from the 2.9 release. 
  return AudioMetaData(
/home/25p85/.conda/envs/py312/lib/python3.12/site-packages/torchaudio/_backend/utils.py:213: UserWarning: In 2.9, this function's implementation will be changed to use torchaudio.load_with_torchcodec` under the hood. Some parameters like ``normalize``, ``format``, ``buffer_size``, and ``backend`` will be ignored. We recommend that you port your code to rely directly on TorchCodec's decoder instead: https://docs.pytorch.org/torchcodec/stable/generated/torchcodec.decoders.AudioDecoder.html#torchcodec.decoders.AudioDecoder.
  warnings.warn(
/home/25p85/.conda/envs/py312/lib/python3.12/site-packages/torchaudio/_backend/utils.py:213: UserWarning: In 2.9, this function's implementation will be changed to use torchaudio.load_with_torchcodec` under the hood. Some parameters like ``normalize``, ``format``, ``buffer_size``, and ``backend`` will be ignored. We recommend that you port your code to rely directly on TorchCodec's decoder instead: https://docs.pytorch.org/torchcodec/stable/generated/torchcodec.decoders.AudioDecoder.html#torchcodec.decoders.AudioDecoder.
  warnings.warn(
INFO:utils.delete_csvs:[INFO] Found 20 CSV files in directory: /home/25p85/Gabi/PROJECT-25P85/results/EXP0/noisy_vs_clean/-5dB
INFO:utils.delete_csvs:Deleted: /home/25p85/Gabi/PROJECT-25P85/results/EXP0/noisy_vs_clean/-5dB/BASELINE_metrics_SNR[-5]dB_ENH-BASELINE_p092_emo_adoration_freeform_Noise Recordings_Car Noise_60mph_SNR[-5]dB_CLN-p092_emo_adoration_freeform.csv
INFO:utils.delete_csvs:Deleted: /home/25p85/Gabi/PROJECT-25P85/results/EXP0/noisy_vs_clean/-5dB/BASELINE_metrics_SNR[-5]dB_ENH-BASELINE_p092_emo_adoration_sentences_Noise Recordings_Car Noise_Idle Noise_40mph_SNR[-5]dB_CLN-p092_emo_adoration_sentences.csv
INFO:utils.delete_csvs:Deleted: /home/25p85/Gabi/PROJECT-25P85/results/EXP0/noisy_vs_clean/-5dB/BASELINE_metrics_SNR[-5]dB_ENH-BASELINE_p092_emo_amazement_freeform_Noise Recordings_Car Noise_Idle Noise_60mph_SNR[-5]dB_CLN-p092_emo_amazement_freeform.csv
INFO:utils.delete_csvs:Deleted: /home/25p85/Gabi/PROJECT-25P85/results/EXP0/noisy_vs_clean/-5dB/BASELINE_metrics_SNR[-5]dB_ENH-BASELINE_p092_emo_amazement_sentences_Noise Recordings_Construction_Crane_Moving_SNR[-5]dB_CLN-p092_emo_amazement_sentences.csv
INFO:utils.delete_csvs:Deleted: /home/25p85/Gabi/PROJECT-25P85/results/EXP0/noisy_vs_clean/-5dB/BASELINE_metrics_SNR[-5]dB_ENH-BASELINE_p092_emo_amusement_freeform_Noise Recordings_Construction_Drilling_SNR[-5]dB_CLN-p092_emo_amusement_freeform.csv
INFO:utils.delete_csvs:Deleted: /home/25p85/Gabi/PROJECT-25P85/results/EXP0/noisy_vs_clean/-5dB/BASELINE_metrics_SNR[-5]dB_ENH-BASELINE_p092_emo_amusement_sentences_Noise Recordings_Construction_Jackhammer1_SNR[-5]dB_CLN-p092_emo_amusement_sentences.csv
INFO:utils.delete_csvs:Deleted: /home/25p85/Gabi/PROJECT-25P85/results/EXP0/noisy_vs_clean/-5dB/BASELINE_metrics_SNR[-5]dB_ENH-BASELINE_p092_emo_anger_freeform_Noise Recordings_Construction_Jackhammer2_SNR[-5]dB_CLN-p092_emo_anger_freeform.csv
INFO:utils.delete_csvs:Deleted: /home/25p85/Gabi/PROJECT-25P85/results/EXP0/noisy_vs_clean/-5dB/BASELINE_metrics_SNR[-5]dB_ENH-BASELINE_p092_emo_anger_sentences_Noise Recordings_Construction_Trucks_Unloading_SNR[-5]dB_CLN-p092_emo_anger_sentences.csv
INFO:utils.delete_csvs:Deleted: /home/25p85/Gabi/PROJECT-25P85/results/EXP0/noisy_vs_clean/-5dB/BASELINE_metrics_SNR[-5]dB_ENH-BASELINE_p092_emo_confusion_freeform_Noise Recordings_Inside Flight_SNR[-5]dB_CLN-p092_emo_confusion_freeform.csv
INFO:utils.delete_csvs:Deleted: /home/25p85/Gabi/PROJECT-25P85/results/EXP0/noisy_vs_clean/-5dB/BASELINE_metrics_SNR[-5]dB_ENH-BASELINE_p092_emo_confusion_sentences_Noise Recordings_Inside Train_1_SNR[-5]dB_CLN-p092_emo_confusion_sentences.csv
INFO:utils.delete_csvs:Deleted: /home/25p85/Gabi/PROJECT-25P85/results/EXP0/noisy_vs_clean/-5dB/BASELINE_metrics_SNR[-5]dB_ENH-BASELINE_p092_emo_contentment_freeform_Noise Recordings_Inside Train_2_SNR[-5]dB_CLN-p092_emo_contentment_freeform.csv
INFO:utils.delete_csvs:Deleted: /home/25p85/Gabi/PROJECT-25P85/results/EXP0/noisy_vs_clean/-5dB/BASELINE_metrics_SNR[-5]dB_ENH-BASELINE_p092_emo_contentment_sentences_Noise Recordings_Inside Train_3_SNR[-5]dB_CLN-p092_emo_contentment_sentences.csv
INFO:utils.delete_csvs:Deleted: /home/25p85/Gabi/PROJECT-25P85/results/EXP0/noisy_vs_clean/-5dB/BASELINE_metrics_SNR[-5]dB_ENH-BASELINE_p092_emo_cuteness_freeform_Noise Recordings_PC Fan Noise_SNR[-5]dB_CLN-p092_emo_cuteness_freeform.csv
INFO:utils.delete_csvs:Deleted: /home/25p85/Gabi/PROJECT-25P85/results/EXP0/noisy_vs_clean/-5dB/BASELINE_metrics_SNR[-5]dB_ENH-BASELINE_p092_emo_cuteness_sentences_Noise Recordings_SSN_IEEE_SNR[-5]dB_CLN-p092_emo_cuteness_sentences.csv
INFO:utils.delete_csvs:Deleted: /home/25p85/Gabi/PROJECT-25P85/results/EXP0/noisy_vs_clean/-5dB/BASELINE_metrics_SNR[-5]dB_ENH-BASELINE_p092_emo_desire_freeform_Noise Recordings_Street Noise_SNR[-5]dB_CLN-p092_emo_desire_freeform.csv
INFO:utils.delete_csvs:Deleted: /home/25p85/Gabi/PROJECT-25P85/results/EXP0/noisy_vs_clean/-5dB/BASELINE_metrics_SNR[-5]dB_ENH-BASELINE_p092_emo_desire_sentences_Noise Recordings_Street Noise_downtown_SNR[-5]dB_CLN-p092_emo_desire_sentences.csv
INFO:utils.delete_csvs:Deleted: /home/25p85/Gabi/PROJECT-25P85/results/EXP0/noisy_vs_clean/-5dB/BASELINE_metrics_SNR[-5]dB_ENH-BASELINE_p092_emo_disappointment_freeform_Noise Recordings_Train1_SNR[-5]dB_CLN-p092_emo_disappointment_freeform.csv
INFO:utils.delete_csvs:Deleted: /home/25p85/Gabi/PROJECT-25P85/results/EXP0/noisy_vs_clean/-5dB/BASELINE_metrics_SNR[-5]dB_ENH-BASELINE_p092_emo_disappointment_sentences_Noise Recordings_Train2_SNR[-5]dB_CLN-p092_emo_disappointment_sentences.csv
INFO:utils.delete_csvs:Deleted: /home/25p85/Gabi/PROJECT-25P85/results/EXP0/noisy_vs_clean/-5dB/BASELINE_metrics_SNR[-5]dB_ENH-BASELINE_p092_emo_disgust_freeform_Noise Recordings_Water Cooler_SNR[-5]dB_CLN-p092_emo_disgust_freeform.csv
INFO:utils.delete_csvs:Deleted: /home/25p85/Gabi/PROJECT-25P85/results/EXP0/noisy_vs_clean/-5dB/BASELINE_metrics_SNR[-5]dB_ENH-BASELINE_p092_emo_disgust_sentences_Noise Recordings_cafeteria_babble_SNR[-5]dB_CLN-p092_emo_disgust_sentences.csv
INFO:utils.delete_csvs:[INFO] Successfully deleted 20 CSV files
INFO:utils.delete_csvs:[INFO] Found 20 CSV files in directory: /home/25p85/Gabi/PROJECT-25P85/results/EXP0/noisy_vs_clean/0dB
INFO:utils.delete_csvs:Deleted: /home/25p85/Gabi/PROJECT-25P85/results/EXP0/noisy_vs_clean/0dB/BASELINE_metrics_SNR[0]dB_ENH-BASELINE_p092_emo_adoration_freeform_Noise Recordings_Car Noise_60mph_SNR[0]dB_CLN-p092_emo_adoration_freeform.csv
INFO:utils.delete_csvs:Deleted: /home/25p85/Gabi/PROJECT-25P85/results/EXP0/noisy_vs_clean/0dB/BASELINE_metrics_SNR[0]dB_ENH-BASELINE_p092_emo_adoration_sentences_Noise Recordings_Car Noise_Idle Noise_40mph_SNR[0]dB_CLN-p092_emo_adoration_sentences.csv
INFO:utils.delete_csvs:Deleted: /home/25p85/Gabi/PROJECT-25P85/results/EXP0/noisy_vs_clean/0dB/BASELINE_metrics_SNR[0]dB_ENH-BASELINE_p092_emo_amazement_freeform_Noise Recordings_Car Noise_Idle Noise_60mph_SNR[0]dB_CLN-p092_emo_amazement_freeform.csv
INFO:utils.delete_csvs:Deleted: /home/25p85/Gabi/PROJECT-25P85/results/EXP0/noisy_vs_clean/0dB/BASELINE_metrics_SNR[0]dB_ENH-BASELINE_p092_emo_amazement_sentences_Noise Recordings_Construction_Crane_Moving_SNR[0]dB_CLN-p092_emo_amazement_sentences.csv
INFO:utils.delete_csvs:Deleted: /home/25p85/Gabi/PROJECT-25P85/results/EXP0/noisy_vs_clean/0dB/BASELINE_metrics_SNR[0]dB_ENH-BASELINE_p092_emo_amusement_freeform_Noise Recordings_Construction_Drilling_SNR[0]dB_CLN-p092_emo_amusement_freeform.csv
INFO:utils.delete_csvs:Deleted: /home/25p85/Gabi/PROJECT-25P85/results/EXP0/noisy_vs_clean/0dB/BASELINE_metrics_SNR[0]dB_ENH-BASELINE_p092_emo_amusement_sentences_Noise Recordings_Construction_Jackhammer1_SNR[0]dB_CLN-p092_emo_amusement_sentences.csv
INFO:utils.delete_csvs:Deleted: /home/25p85/Gabi/PROJECT-25P85/results/EXP0/noisy_vs_clean/0dB/BASELINE_metrics_SNR[0]dB_ENH-BASELINE_p092_emo_anger_freeform_Noise Recordings_Construction_Jackhammer2_SNR[0]dB_CLN-p092_emo_anger_freeform.csv
INFO:utils.delete_csvs:Deleted: /home/25p85/Gabi/PROJECT-25P85/results/EXP0/noisy_vs_clean/0dB/BASELINE_metrics_SNR[0]dB_ENH-BASELINE_p092_emo_anger_sentences_Noise Recordings_Construction_Trucks_Unloading_SNR[0]dB_CLN-p092_emo_anger_sentences.csv
INFO:utils.delete_csvs:Deleted: /home/25p85/Gabi/PROJECT-25P85/results/EXP0/noisy_vs_clean/0dB/BASELINE_metrics_SNR[0]dB_ENH-BASELINE_p092_emo_confusion_freeform_Noise Recordings_Inside Flight_SNR[0]dB_CLN-p092_emo_confusion_freeform.csv
INFO:utils.delete_csvs:Deleted: /home/25p85/Gabi/PROJECT-25P85/results/EXP0/noisy_vs_clean/0dB/BASELINE_metrics_SNR[0]dB_ENH-BASELINE_p092_emo_confusion_sentences_Noise Recordings_Inside Train_1_SNR[0]dB_CLN-p092_emo_confusion_sentences.csv
INFO:utils.delete_csvs:Deleted: /home/25p85/Gabi/PROJECT-25P85/results/EXP0/noisy_vs_clean/0dB/BASELINE_metrics_SNR[0]dB_ENH-BASELINE_p092_emo_contentment_freeform_Noise Recordings_Inside Train_2_SNR[0]dB_CLN-p092_emo_contentment_freeform.csv
INFO:utils.delete_csvs:Deleted: /home/25p85/Gabi/PROJECT-25P85/results/EXP0/noisy_vs_clean/0dB/BASELINE_metrics_SNR[0]dB_ENH-BASELINE_p092_emo_contentment_sentences_Noise Recordings_Inside Train_3_SNR[0]dB_CLN-p092_emo_contentment_sentences.csv
INFO:utils.delete_csvs:Deleted: /home/25p85/Gabi/PROJECT-25P85/results/EXP0/noisy_vs_clean/0dB/BASELINE_metrics_SNR[0]dB_ENH-BASELINE_p092_emo_cuteness_freeform_Noise Recordings_PC Fan Noise_SNR[0]dB_CLN-p092_emo_cuteness_freeform.csv
INFO:utils.delete_csvs:Deleted: /home/25p85/Gabi/PROJECT-25P85/results/EXP0/noisy_vs_clean/0dB/BASELINE_metrics_SNR[0]dB_ENH-BASELINE_p092_emo_cuteness_sentences_Noise Recordings_SSN_IEEE_SNR[0]dB_CLN-p092_emo_cuteness_sentences.csv
INFO:utils.delete_csvs:Deleted: /home/25p85/Gabi/PROJECT-25P85/results/EXP0/noisy_vs_clean/0dB/BASELINE_metrics_SNR[0]dB_ENH-BASELINE_p092_emo_desire_freeform_Noise Recordings_Street Noise_SNR[0]dB_CLN-p092_emo_desire_freeform.csv
INFO:utils.delete_csvs:Deleted: /home/25p85/Gabi/PROJECT-25P85/results/EXP0/noisy_vs_clean/0dB/BASELINE_metrics_SNR[0]dB_ENH-BASELINE_p092_emo_desire_sentences_Noise Recordings_Street Noise_downtown_SNR[0]dB_CLN-p092_emo_desire_sentences.csv
INFO:utils.delete_csvs:Deleted: /home/25p85/Gabi/PROJECT-25P85/results/EXP0/noisy_vs_clean/0dB/BASELINE_metrics_SNR[0]dB_ENH-BASELINE_p092_emo_disappointment_freeform_Noise Recordings_Train1_SNR[0]dB_CLN-p092_emo_disappointment_freeform.csv
INFO:utils.delete_csvs:Deleted: /home/25p85/Gabi/PROJECT-25P85/results/EXP0/noisy_vs_clean/0dB/BASELINE_metrics_SNR[0]dB_ENH-BASELINE_p092_emo_disappointment_sentences_Noise Recordings_Train2_SNR[0]dB_CLN-p092_emo_disappointment_sentences.csv
INFO:utils.delete_csvs:Deleted: /home/25p85/Gabi/PROJECT-25P85/results/EXP0/noisy_vs_clean/0dB/BASELINE_metrics_SNR[0]dB_ENH-BASELINE_p092_emo_disgust_freeform_Noise Recordings_Water Cooler_SNR[0]dB_CLN-p092_emo_disgust_freeform.csv
INFO:utils.delete_csvs:Deleted: /home/25p85/Gabi/PROJECT-25P85/results/EXP0/noisy_vs_clean/0dB/BASELINE_metrics_SNR[0]dB_ENH-BASELINE_p092_emo_disgust_sentences_Noise Recordings_cafeteria_babble_SNR[0]dB_CLN-p092_emo_disgust_sentences.csv
INFO:utils.delete_csvs:[INFO] Successfully deleted 20 CSV files
INFO:utils.delete_csvs:[INFO] Found 20 CSV files in directory: /home/25p85/Gabi/PROJECT-25P85/results/EXP0/noisy_vs_clean/5dB
INFO:utils.delete_csvs:Deleted: /home/25p85/Gabi/PROJECT-25P85/results/EXP0/noisy_vs_clean/5dB/BASELINE_metrics_SNR[5]dB_ENH-BASELINE_p092_emo_adoration_freeform_Noise Recordings_Car Noise_60mph_SNR[5]dB_CLN-p092_emo_adoration_freeform.csv
INFO:utils.delete_csvs:Deleted: /home/25p85/Gabi/PROJECT-25P85/results/EXP0/noisy_vs_clean/5dB/BASELINE_metrics_SNR[5]dB_ENH-BASELINE_p092_emo_adoration_sentences_Noise Recordings_Car Noise_Idle Noise_40mph_SNR[5]dB_CLN-p092_emo_adoration_sentences.csv
INFO:utils.delete_csvs:Deleted: /home/25p85/Gabi/PROJECT-25P85/results/EXP0/noisy_vs_clean/5dB/BASELINE_metrics_SNR[5]dB_ENH-BASELINE_p092_emo_amazement_freeform_Noise Recordings_Car Noise_Idle Noise_60mph_SNR[5]dB_CLN-p092_emo_amazement_freeform.csv
INFO:utils.delete_csvs:Deleted: /home/25p85/Gabi/PROJECT-25P85/results/EXP0/noisy_vs_clean/5dB/BASELINE_metrics_SNR[5]dB_ENH-BASELINE_p092_emo_amazement_sentences_Noise Recordings_Construction_Crane_Moving_SNR[5]dB_CLN-p092_emo_amazement_sentences.csv
INFO:utils.delete_csvs:Deleted: /home/25p85/Gabi/PROJECT-25P85/results/EXP0/noisy_vs_clean/5dB/BASELINE_metrics_SNR[5]dB_ENH-BASELINE_p092_emo_amusement_freeform_Noise Recordings_Construction_Drilling_SNR[5]dB_CLN-p092_emo_amusement_freeform.csv
INFO:utils.delete_csvs:Deleted: /home/25p85/Gabi/PROJECT-25P85/results/EXP0/noisy_vs_clean/5dB/BASELINE_metrics_SNR[5]dB_ENH-BASELINE_p092_emo_amusement_sentences_Noise Recordings_Construction_Jackhammer1_SNR[5]dB_CLN-p092_emo_amusement_sentences.csv
INFO:utils.delete_csvs:Deleted: /home/25p85/Gabi/PROJECT-25P85/results/EXP0/noisy_vs_clean/5dB/BASELINE_metrics_SNR[5]dB_ENH-BASELINE_p092_emo_anger_freeform_Noise Recordings_Construction_Jackhammer2_SNR[5]dB_CLN-p092_emo_anger_freeform.csv
INFO:utils.delete_csvs:Deleted: /home/25p85/Gabi/PROJECT-25P85/results/EXP0/noisy_vs_clean/5dB/BASELINE_metrics_SNR[5]dB_ENH-BASELINE_p092_emo_anger_sentences_Noise Recordings_Construction_Trucks_Unloading_SNR[5]dB_CLN-p092_emo_anger_sentences.csv
INFO:utils.delete_csvs:Deleted: /home/25p85/Gabi/PROJECT-25P85/results/EXP0/noisy_vs_clean/5dB/BASELINE_metrics_SNR[5]dB_ENH-BASELINE_p092_emo_confusion_freeform_Noise Recordings_Inside Flight_SNR[5]dB_CLN-p092_emo_confusion_freeform.csv
INFO:utils.delete_csvs:Deleted: /home/25p85/Gabi/PROJECT-25P85/results/EXP0/noisy_vs_clean/5dB/BASELINE_metrics_SNR[5]dB_ENH-BASELINE_p092_emo_confusion_sentences_Noise Recordings_Inside Train_1_SNR[5]dB_CLN-p092_emo_confusion_sentences.csv
INFO:utils.delete_csvs:Deleted: /home/25p85/Gabi/PROJECT-25P85/results/EXP0/noisy_vs_clean/5dB/BASELINE_metrics_SNR[5]dB_ENH-BASELINE_p092_emo_contentment_freeform_Noise Recordings_Inside Train_2_SNR[5]dB_CLN-p092_emo_contentment_freeform.csv
INFO:utils.delete_csvs:Deleted: /home/25p85/Gabi/PROJECT-25P85/results/EXP0/noisy_vs_clean/5dB/BASELINE_metrics_SNR[5]dB_ENH-BASELINE_p092_emo_contentment_sentences_Noise Recordings_Inside Train_3_SNR[5]dB_CLN-p092_emo_contentment_sentences.csv
INFO:utils.delete_csvs:Deleted: /home/25p85/Gabi/PROJECT-25P85/results/EXP0/noisy_vs_clean/5dB/BASELINE_metrics_SNR[5]dB_ENH-BASELINE_p092_emo_cuteness_freeform_Noise Recordings_PC Fan Noise_SNR[5]dB_CLN-p092_emo_cuteness_freeform.csv
INFO:utils.delete_csvs:Deleted: /home/25p85/Gabi/PROJECT-25P85/results/EXP0/noisy_vs_clean/5dB/BASELINE_metrics_SNR[5]dB_ENH-BASELINE_p092_emo_cuteness_sentences_Noise Recordings_SSN_IEEE_SNR[5]dB_CLN-p092_emo_cuteness_sentences.csv
INFO:utils.delete_csvs:Deleted: /home/25p85/Gabi/PROJECT-25P85/results/EXP0/noisy_vs_clean/5dB/BASELINE_metrics_SNR[5]dB_ENH-BASELINE_p092_emo_desire_freeform_Noise Recordings_Street Noise_SNR[5]dB_CLN-p092_emo_desire_freeform.csv
INFO:utils.delete_csvs:Deleted: /home/25p85/Gabi/PROJECT-25P85/results/EXP0/noisy_vs_clean/5dB/BASELINE_metrics_SNR[5]dB_ENH-BASELINE_p092_emo_desire_sentences_Noise Recordings_Street Noise_downtown_SNR[5]dB_CLN-p092_emo_desire_sentences.csv
INFO:utils.delete_csvs:Deleted: /home/25p85/Gabi/PROJECT-25P85/results/EXP0/noisy_vs_clean/5dB/BASELINE_metrics_SNR[5]dB_ENH-BASELINE_p092_emo_disappointment_freeform_Noise Recordings_Train1_SNR[5]dB_CLN-p092_emo_disappointment_freeform.csv
INFO:utils.delete_csvs:Deleted: /home/25p85/Gabi/PROJECT-25P85/results/EXP0/noisy_vs_clean/5dB/BASELINE_metrics_SNR[5]dB_ENH-BASELINE_p092_emo_disappointment_sentences_Noise Recordings_Train2_SNR[5]dB_CLN-p092_emo_disappointment_sentences.csv
INFO:utils.delete_csvs:Deleted: /home/25p85/Gabi/PROJECT-25P85/results/EXP0/noisy_vs_clean/5dB/BASELINE_metrics_SNR[5]dB_ENH-BASELINE_p092_emo_disgust_freeform_Noise Recordings_Water Cooler_SNR[5]dB_CLN-p092_emo_disgust_freeform.csv
INFO:utils.delete_csvs:Deleted: /home/25p85/Gabi/PROJECT-25P85/results/EXP0/noisy_vs_clean/5dB/BASELINE_metrics_SNR[5]dB_ENH-BASELINE_p092_emo_disgust_sentences_Noise Recordings_cafeteria_babble_SNR[5]dB_CLN-p092_emo_disgust_sentences.csv
INFO:utils.delete_csvs:[INFO] Successfully deleted 20 CSV files
INFO:utils.delete_csvs:[INFO] Found 20 CSV files in directory: /home/25p85/Gabi/PROJECT-25P85/results/EXP0/noisy_vs_clean/10dB
INFO:utils.delete_csvs:Deleted: /home/25p85/Gabi/PROJECT-25P85/results/EXP0/noisy_vs_clean/10dB/BASELINE_metrics_SNR[10]dB_ENH-BASELINE_p092_emo_adoration_freeform_Noise Recordings_Car Noise_60mph_SNR[10]dB_CLN-p092_emo_adoration_freeform.csv
INFO:utils.delete_csvs:Deleted: /home/25p85/Gabi/PROJECT-25P85/results/EXP0/noisy_vs_clean/10dB/BASELINE_metrics_SNR[10]dB_ENH-BASELINE_p092_emo_adoration_sentences_Noise Recordings_Car Noise_Idle Noise_40mph_SNR[10]dB_CLN-p092_emo_adoration_sentences.csv
INFO:utils.delete_csvs:Deleted: /home/25p85/Gabi/PROJECT-25P85/results/EXP0/noisy_vs_clean/10dB/BASELINE_metrics_SNR[10]dB_ENH-BASELINE_p092_emo_amazement_freeform_Noise Recordings_Car Noise_Idle Noise_60mph_SNR[10]dB_CLN-p092_emo_amazement_freeform.csv
INFO:utils.delete_csvs:Deleted: /home/25p85/Gabi/PROJECT-25P85/results/EXP0/noisy_vs_clean/10dB/BASELINE_metrics_SNR[10]dB_ENH-BASELINE_p092_emo_amazement_sentences_Noise Recordings_Construction_Crane_Moving_SNR[10]dB_CLN-p092_emo_amazement_sentences.csv
INFO:utils.delete_csvs:Deleted: /home/25p85/Gabi/PROJECT-25P85/results/EXP0/noisy_vs_clean/10dB/BASELINE_metrics_SNR[10]dB_ENH-BASELINE_p092_emo_amusement_freeform_Noise Recordings_Construction_Drilling_SNR[10]dB_CLN-p092_emo_amusement_freeform.csv
INFO:utils.delete_csvs:Deleted: /home/25p85/Gabi/PROJECT-25P85/results/EXP0/noisy_vs_clean/10dB/BASELINE_metrics_SNR[10]dB_ENH-BASELINE_p092_emo_amusement_sentences_Noise Recordings_Construction_Jackhammer1_SNR[10]dB_CLN-p092_emo_amusement_sentences.csv
INFO:utils.delete_csvs:Deleted: /home/25p85/Gabi/PROJECT-25P85/results/EXP0/noisy_vs_clean/10dB/BASELINE_metrics_SNR[10]dB_ENH-BASELINE_p092_emo_anger_freeform_Noise Recordings_Construction_Jackhammer2_SNR[10]dB_CLN-p092_emo_anger_freeform.csv
INFO:utils.delete_csvs:Deleted: /home/25p85/Gabi/PROJECT-25P85/results/EXP0/noisy_vs_clean/10dB/BASELINE_metrics_SNR[10]dB_ENH-BASELINE_p092_emo_anger_sentences_Noise Recordings_Construction_Trucks_Unloading_SNR[10]dB_CLN-p092_emo_anger_sentences.csv
INFO:utils.delete_csvs:Deleted: /home/25p85/Gabi/PROJECT-25P85/results/EXP0/noisy_vs_clean/10dB/BASELINE_metrics_SNR[10]dB_ENH-BASELINE_p092_emo_confusion_freeform_Noise Recordings_Inside Flight_SNR[10]dB_CLN-p092_emo_confusion_freeform.csv
INFO:utils.delete_csvs:Deleted: /home/25p85/Gabi/PROJECT-25P85/results/EXP0/noisy_vs_clean/10dB/BASELINE_metrics_SNR[10]dB_ENH-BASELINE_p092_emo_confusion_sentences_Noise Recordings_Inside Train_1_SNR[10]dB_CLN-p092_emo_confusion_sentences.csv
INFO:utils.delete_csvs:Deleted: /home/25p85/Gabi/PROJECT-25P85/results/EXP0/noisy_vs_clean/10dB/BASELINE_metrics_SNR[10]dB_ENH-BASELINE_p092_emo_contentment_freeform_Noise Recordings_Inside Train_2_SNR[10]dB_CLN-p092_emo_contentment_freeform.csv
INFO:utils.delete_csvs:Deleted: /home/25p85/Gabi/PROJECT-25P85/results/EXP0/noisy_vs_clean/10dB/BASELINE_metrics_SNR[10]dB_ENH-BASELINE_p092_emo_contentment_sentences_Noise Recordings_Inside Train_3_SNR[10]dB_CLN-p092_emo_contentment_sentences.csv
INFO:utils.delete_csvs:Deleted: /home/25p85/Gabi/PROJECT-25P85/results/EXP0/noisy_vs_clean/10dB/BASELINE_metrics_SNR[10]dB_ENH-BASELINE_p092_emo_cuteness_freeform_Noise Recordings_PC Fan Noise_SNR[10]dB_CLN-p092_emo_cuteness_freeform.csv
INFO:utils.delete_csvs:Deleted: /home/25p85/Gabi/PROJECT-25P85/results/EXP0/noisy_vs_clean/10dB/BASELINE_metrics_SNR[10]dB_ENH-BASELINE_p092_emo_cuteness_sentences_Noise Recordings_SSN_IEEE_SNR[10]dB_CLN-p092_emo_cuteness_sentences.csv
INFO:utils.delete_csvs:Deleted: /home/25p85/Gabi/PROJECT-25P85/results/EXP0/noisy_vs_clean/10dB/BASELINE_metrics_SNR[10]dB_ENH-BASELINE_p092_emo_desire_freeform_Noise Recordings_Street Noise_SNR[10]dB_CLN-p092_emo_desire_freeform.csv
INFO:utils.delete_csvs:Deleted: /home/25p85/Gabi/PROJECT-25P85/results/EXP0/noisy_vs_clean/10dB/BASELINE_metrics_SNR[10]dB_ENH-BASELINE_p092_emo_desire_sentences_Noise Recordings_Street Noise_downtown_SNR[10]dB_CLN-p092_emo_desire_sentences.csv
INFO:utils.delete_csvs:Deleted: /home/25p85/Gabi/PROJECT-25P85/results/EXP0/noisy_vs_clean/10dB/BASELINE_metrics_SNR[10]dB_ENH-BASELINE_p092_emo_disappointment_freeform_Noise Recordings_Train1_SNR[10]dB_CLN-p092_emo_disappointment_freeform.csv
INFO:utils.delete_csvs:Deleted: /home/25p85/Gabi/PROJECT-25P85/results/EXP0/noisy_vs_clean/10dB/BASELINE_metrics_SNR[10]dB_ENH-BASELINE_p092_emo_disappointment_sentences_Noise Recordings_Train2_SNR[10]dB_CLN-p092_emo_disappointment_sentences.csv
INFO:utils.delete_csvs:Deleted: /home/25p85/Gabi/PROJECT-25P85/results/EXP0/noisy_vs_clean/10dB/BASELINE_metrics_SNR[10]dB_ENH-BASELINE_p092_emo_disgust_freeform_Noise Recordings_Water Cooler_SNR[10]dB_CLN-p092_emo_disgust_freeform.csv
INFO:utils.delete_csvs:Deleted: /home/25p85/Gabi/PROJECT-25P85/results/EXP0/noisy_vs_clean/10dB/BASELINE_metrics_SNR[10]dB_ENH-BASELINE_p092_emo_disgust_sentences_Noise Recordings_cafeteria_babble_SNR[10]dB_CLN-p092_emo_disgust_sentences.csv
INFO:utils.delete_csvs:[INFO] Successfully deleted 20 CSV files
INFO:utils.delete_csvs:[INFO] Found 20 CSV files in directory: /home/25p85/Gabi/PROJECT-25P85/results/EXP0/noisy_vs_clean/15dB
INFO:utils.delete_csvs:Deleted: /home/25p85/Gabi/PROJECT-25P85/results/EXP0/noisy_vs_clean/15dB/BASELINE_metrics_SNR[15]dB_ENH-BASELINE_p092_emo_adoration_freeform_Noise Recordings_Car Noise_60mph_SNR[15]dB_CLN-p092_emo_adoration_freeform.csv
INFO:utils.delete_csvs:Deleted: /home/25p85/Gabi/PROJECT-25P85/results/EXP0/noisy_vs_clean/15dB/BASELINE_metrics_SNR[15]dB_ENH-BASELINE_p092_emo_adoration_sentences_Noise Recordings_Car Noise_Idle Noise_40mph_SNR[15]dB_CLN-p092_emo_adoration_sentences.csv
INFO:utils.delete_csvs:Deleted: /home/25p85/Gabi/PROJECT-25P85/results/EXP0/noisy_vs_clean/15dB/BASELINE_metrics_SNR[15]dB_ENH-BASELINE_p092_emo_amazement_freeform_Noise Recordings_Car Noise_Idle Noise_60mph_SNR[15]dB_CLN-p092_emo_amazement_freeform.csv
INFO:utils.delete_csvs:Deleted: /home/25p85/Gabi/PROJECT-25P85/results/EXP0/noisy_vs_clean/15dB/BASELINE_metrics_SNR[15]dB_ENH-BASELINE_p092_emo_amazement_sentences_Noise Recordings_Construction_Crane_Moving_SNR[15]dB_CLN-p092_emo_amazement_sentences.csv
INFO:utils.delete_csvs:Deleted: /home/25p85/Gabi/PROJECT-25P85/results/EXP0/noisy_vs_clean/15dB/BASELINE_metrics_SNR[15]dB_ENH-BASELINE_p092_emo_amusement_freeform_Noise Recordings_Construction_Drilling_SNR[15]dB_CLN-p092_emo_amusement_freeform.csv
INFO:utils.delete_csvs:Deleted: /home/25p85/Gabi/PROJECT-25P85/results/EXP0/noisy_vs_clean/15dB/BASELINE_metrics_SNR[15]dB_ENH-BASELINE_p092_emo_amusement_sentences_Noise Recordings_Construction_Jackhammer1_SNR[15]dB_CLN-p092_emo_amusement_sentences.csv
INFO:utils.delete_csvs:Deleted: /home/25p85/Gabi/PROJECT-25P85/results/EXP0/noisy_vs_clean/15dB/BASELINE_metrics_SNR[15]dB_ENH-BASELINE_p092_emo_anger_freeform_Noise Recordings_Construction_Jackhammer2_SNR[15]dB_CLN-p092_emo_anger_freeform.csv
INFO:utils.delete_csvs:Deleted: /home/25p85/Gabi/PROJECT-25P85/results/EXP0/noisy_vs_clean/15dB/BASELINE_metrics_SNR[15]dB_ENH-BASELINE_p092_emo_anger_sentences_Noise Recordings_Construction_Trucks_Unloading_SNR[15]dB_CLN-p092_emo_anger_sentences.csv
INFO:utils.delete_csvs:Deleted: /home/25p85/Gabi/PROJECT-25P85/results/EXP0/noisy_vs_clean/15dB/BASELINE_metrics_SNR[15]dB_ENH-BASELINE_p092_emo_confusion_freeform_Noise Recordings_Inside Flight_SNR[15]dB_CLN-p092_emo_confusion_freeform.csv
INFO:utils.delete_csvs:Deleted: /home/25p85/Gabi/PROJECT-25P85/results/EXP0/noisy_vs_clean/15dB/BASELINE_metrics_SNR[15]dB_ENH-BASELINE_p092_emo_confusion_sentences_Noise Recordings_Inside Train_1_SNR[15]dB_CLN-p092_emo_confusion_sentences.csv
INFO:utils.delete_csvs:Deleted: /home/25p85/Gabi/PROJECT-25P85/results/EXP0/noisy_vs_clean/15dB/BASELINE_metrics_SNR[15]dB_ENH-BASELINE_p092_emo_contentment_freeform_Noise Recordings_Inside Train_2_SNR[15]dB_CLN-p092_emo_contentment_freeform.csv
INFO:utils.delete_csvs:Deleted: /home/25p85/Gabi/PROJECT-25P85/results/EXP0/noisy_vs_clean/15dB/BASELINE_metrics_SNR[15]dB_ENH-BASELINE_p092_emo_contentment_sentences_Noise Recordings_Inside Train_3_SNR[15]dB_CLN-p092_emo_contentment_sentences.csv
INFO:utils.delete_csvs:Deleted: /home/25p85/Gabi/PROJECT-25P85/results/EXP0/noisy_vs_clean/15dB/BASELINE_metrics_SNR[15]dB_ENH-BASELINE_p092_emo_cuteness_freeform_Noise Recordings_PC Fan Noise_SNR[15]dB_CLN-p092_emo_cuteness_freeform.csv
INFO:utils.delete_csvs:Deleted: /home/25p85/Gabi/PROJECT-25P85/results/EXP0/noisy_vs_clean/15dB/BASELINE_metrics_SNR[15]dB_ENH-BASELINE_p092_emo_cuteness_sentences_Noise Recordings_SSN_IEEE_SNR[15]dB_CLN-p092_emo_cuteness_sentences.csv
INFO:utils.delete_csvs:Deleted: /home/25p85/Gabi/PROJECT-25P85/results/EXP0/noisy_vs_clean/15dB/BASELINE_metrics_SNR[15]dB_ENH-BASELINE_p092_emo_desire_freeform_Noise Recordings_Street Noise_SNR[15]dB_CLN-p092_emo_desire_freeform.csv
INFO:utils.delete_csvs:Deleted: /home/25p85/Gabi/PROJECT-25P85/results/EXP0/noisy_vs_clean/15dB/BASELINE_metrics_SNR[15]dB_ENH-BASELINE_p092_emo_desire_sentences_Noise Recordings_Street Noise_downtown_SNR[15]dB_CLN-p092_emo_desire_sentences.csv
INFO:utils.delete_csvs:Deleted: /home/25p85/Gabi/PROJECT-25P85/results/EXP0/noisy_vs_clean/15dB/BASELINE_metrics_SNR[15]dB_ENH-BASELINE_p092_emo_disappointment_freeform_Noise Recordings_Train1_SNR[15]dB_CLN-p092_emo_disappointment_freeform.csv
INFO:utils.delete_csvs:Deleted: /home/25p85/Gabi/PROJECT-25P85/results/EXP0/noisy_vs_clean/15dB/BASELINE_metrics_SNR[15]dB_ENH-BASELINE_p092_emo_disappointment_sentences_Noise Recordings_Train2_SNR[15]dB_CLN-p092_emo_disappointment_sentences.csv
INFO:utils.delete_csvs:Deleted: /home/25p85/Gabi/PROJECT-25P85/results/EXP0/noisy_vs_clean/15dB/BASELINE_metrics_SNR[15]dB_ENH-BASELINE_p092_emo_disgust_freeform_Noise Recordings_Water Cooler_SNR[15]dB_CLN-p092_emo_disgust_freeform.csv
INFO:utils.delete_csvs:Deleted: /home/25p85/Gabi/PROJECT-25P85/results/EXP0/noisy_vs_clean/15dB/BASELINE_metrics_SNR[15]dB_ENH-BASELINE_p092_emo_disgust_sentences_Noise Recordings_cafeteria_babble_SNR[15]dB_CLN-p092_emo_disgust_sentences.csv
INFO:utils.delete_csvs:[INFO] Successfully deleted 20 CSV files
